<?xml version="1.0" encoding="UTF-8"?>
<testng-results ignored="0" total="1" passed="1" failed="0" skipped="0">
  <reporter-output>
  </reporter-output>
  <suite started-at="2026-06-09T16:23:50 IST" name="Default suite" finished-at="2026-06-09T16:23:57 IST" duration-ms="7070">
    <groups>
    </groups>
    <test started-at="2026-06-09T16:23:50 IST" name="Default test" finished-at="2026-06-09T16:23:57 IST" duration-ms="7070">
      <class name="signUp.TC_02_040">
        <test-method is-config="true" signature="startReport()[pri:0, instance:signUp.TC_02_040@bccb269]" started-at="2026-06-09T16:23:50 IST" name="startReport" finished-at="2026-06-09T16:23:50 IST" duration-ms="183" status="PASS">
          <reporter-output>
          </reporter-output>
        </test-method> <!-- startReport -->
        <test-method is-config="true" signature="setup(java.lang.reflect.Method)[pri:0, instance:signUp.TC_02_040@bccb269]" started-at="2026-06-09T16:23:50 IST" name="setup" finished-at="2026-06-09T16:23:56 IST" duration-ms="5694" status="PASS">
          <params>
            <param index="0">
              <value>
                <![CDATA[public void signUp.TC_02_040.verifyPendingUserCannotLogin()]]>
              </value>
            </param>
          </params>
          <reporter-output>
          </reporter-output>
        </test-method> <!-- setup -->
        <test-method signature="verifyPendingUserCannotLogin()[pri:0, instance:signUp.TC_02_040@bccb269]" started-at="2026-06-09T16:23:56 IST" name="verifyPendingUserCannotLogin" description="TC-02-040 Pending user cannot login" finished-at="2026-06-09T16:23:57 IST" duration-ms="940" status="PASS">
          <reporter-output>
          </reporter-output>
        </test-method> <!-- verifyPendingUserCannotLogin -->
        <test-method is-config="true" signature="tearDown(org.testng.ITestResult)[pri:0, instance:signUp.TC_02_040@bccb269]" started-at="2026-06-09T16:23:57 IST" name="tearDown" finished-at="2026-06-09T16:23:57 IST" duration-ms="411" status="PASS">
          <params>
            <param index="0">
              <value>
                <![CDATA[[TestResult name=verifyPendingUserCannotLogin status=SUCCESS method=TC_02_040.verifyPendingUserCannotLogin()[pri:0, instance:signUp.TC_02_040@bccb269] output={null}]]]>
              </value>
            </param>
          </params>
          <reporter-output>
          </reporter-output>
        </test-method> <!-- tearDown -->
        <test-method is-config="true" signature="flushReport()[pri:0, instance:signUp.TC_02_040@bccb269]" started-at="2026-06-09T16:23:57 IST" name="flushReport" finished-at="2026-06-09T16:23:57 IST" duration-ms="9" status="PASS">
          <reporter-output>
          </reporter-output>
        </test-method> <!-- flushReport -->
      </class> <!-- signUp.TC_02_040 -->
    </test> <!-- Default test -->
  </suite> <!-- Default suite -->
</testng-results>
