<?xml version="1.0" encoding="UTF-8"?>
<!-- Generated by org.testng.reporters.JUnitReportReporter -->
<testsuite hostname="AZI-APR-30913" failures="0" tests="1" name="signUp.TC_02_032" time="66.962" errors="1" timestamp="2026-06-08T18:14:30 IST" skipped="0">
  <testcase classname="signUp.TC_02_032" name="verifySignupWithVeryLongName" time="66.962">
    <error message="Error {
  message=&#039;Timeout 30000ms exceeded.
  name=&#039;TimeoutError
  stack=&#039;TimeoutError: Timeout 30000ms exceeded.
    at ProgressController.run (C:\Users\SHRINI~1\AppData\Local\Temp\playwright-java-6666232398811547017\package\lib\server\progress.js:76:26)
    at Frame._callOnElementOnceMatches (C:\Users\SHRINI~1\AppData\Local\Temp\playwright-java-6666232398811547017\package\lib\server\frames.js:1379:23)
    at Frame.textContent (C:\Users\SHRINI~1\AppData\Local\Temp\playwright-java-6666232398811547017\package\lib\server\frames.js:1055:17)
    at FrameDispatcher.textContent (C:\Users\SHRINI~1\AppData\Local\Temp\playwright-java-6666232398811547017\package\lib\server\dispatchers\frameDispatcher.js:138:37)
    at FrameDispatcher._handleCommand (C:\Users\SHRINI~1\AppData\Local\Temp\playwright-java-6666232398811547017\package\lib\server\dispatchers\dispatcher.js:94:40)
    at DispatcherConnection.dispatch (C:\Users\SHRINI~1\AppData\Local\Temp\playwright-java-6666232398811547017\package\lib\server\dispatchers\dispatcher.js:307:39)
}
Call log:
-   - waiting for locator(&quot;xpath=(//p[contains(normalize-space(),&#039;Maximum character limit exceeded&#039;)])[1]&quot;)
" type="com.microsoft.playwright.TimeoutError">
      <![CDATA[com.microsoft.playwright.TimeoutError: Error {
  message='Timeout 30000ms exceeded.
  name='TimeoutError
  stack='TimeoutError: Timeout 30000ms exceeded.
    at ProgressController.run (C:\Users\SHRINI~1\AppData\Local\Temp\playwright-java-6666232398811547017\package\lib\server\progress.js:76:26)
    at Frame._callOnElementOnceMatches (C:\Users\SHRINI~1\AppData\Local\Temp\playwright-java-6666232398811547017\package\lib\server\frames.js:1379:23)
    at Frame.textContent (C:\Users\SHRINI~1\AppData\Local\Temp\playwright-java-6666232398811547017\package\lib\server\frames.js:1055:17)
    at FrameDispatcher.textContent (C:\Users\SHRINI~1\AppData\Local\Temp\playwright-java-6666232398811547017\package\lib\server\dispatchers\frameDispatcher.js:138:37)
    at FrameDispatcher._handleCommand (C:\Users\SHRINI~1\AppData\Local\Temp\playwright-java-6666232398811547017\package\lib\server\dispatchers\dispatcher.js:94:40)
    at DispatcherConnection.dispatch (C:\Users\SHRINI~1\AppData\Local\Temp\playwright-java-6666232398811547017\package\lib\server\dispatchers\dispatcher.js:307:39)
}
Call log:
-   - waiting for locator("xpath=(//p[contains(normalize-space(),'Maximum character limit exceeded')])[1]")

at com.microsoft.playwright.impl.WaitableResult.get(WaitableResult.java:52)
at com.microsoft.playwright.impl.ChannelOwner.runUntil(ChannelOwner.java:132)
at com.microsoft.playwright.impl.Connection.sendMessage(Connection.java:130)
at com.microsoft.playwright.impl.ChannelOwner.sendMessage(ChannelOwner.java:118)
at com.microsoft.playwright.impl.FrameImpl.textContentImpl(FrameImpl.java:818)
at com.microsoft.playwright.impl.FrameImpl.lambda$textContent$38(FrameImpl.java:809)
at com.microsoft.playwright.impl.LoggingSupport.withLogging(LoggingSupport.java:47)
at com.microsoft.playwright.impl.ChannelOwner.withLogging(ChannelOwner.java:97)
at com.microsoft.playwright.impl.FrameImpl.textContent(FrameImpl.java:809)
at com.microsoft.playwright.impl.LocatorImpl.textContent(LocatorImpl.java:606)
at com.microsoft.playwright.Locator.textContent(Locator.java:5286)
at Pages.SignupPage.getValidationMessage(SignupPage.java:171)
at signUp.TC_02_032.verifySignupWithVeryLongName(TC_02_032.java:63)
at java.base/jdk.internal.reflect.DirectMethodHandleAccessor.invoke(DirectMethodHandleAccessor.java:103)
at java.base/java.lang.reflect.Method.invoke(Method.java:580)
at org.testng.internal.invokers.MethodInvocationHelper.invokeMethod(MethodInvocationHelper.java:141)
at org.testng.internal.invokers.TestInvoker.invokeMethod(TestInvoker.java:687)
at org.testng.internal.invokers.TestInvoker.invokeTestMethod(TestInvoker.java:230)
at org.testng.internal.invokers.MethodRunner.runInSequence(MethodRunner.java:63)
at org.testng.internal.invokers.TestInvoker$MethodInvocationAgent.invoke(TestInvoker.java:995)
at org.testng.internal.invokers.TestInvoker.invokeTestMethods(TestInvoker.java:203)
at org.testng.internal.invokers.TestMethodWorker.invokeTestMethods(TestMethodWorker.java:154)
at org.testng.internal.invokers.TestMethodWorker.run(TestMethodWorker.java:134)
at java.base/java.util.ArrayList.forEach(ArrayList.java:1596)
at org.testng.TestRunner.privateRun(TestRunner.java:741)
at org.testng.TestRunner.run(TestRunner.java:616)
at org.testng.SuiteRunner.runTest(SuiteRunner.java:421)
at org.testng.SuiteRunner.runSequentially(SuiteRunner.java:413)
at org.testng.SuiteRunner.privateRun(SuiteRunner.java:373)
at org.testng.SuiteRunner.run(SuiteRunner.java:312)
at org.testng.SuiteRunnerWorker.runSuite(SuiteRunnerWorker.java:52)
at org.testng.SuiteRunnerWorker.run(SuiteRunnerWorker.java:95)
at org.testng.TestNG.runSuitesSequentially(TestNG.java:1274)
at org.testng.TestNG.runSuitesLocally(TestNG.java:1208)
at org.testng.TestNG.runSuites(TestNG.java:1112)
at org.testng.TestNG.run(TestNG.java:1079)
at org.testng.remote.AbstractRemoteTestNG.run(AbstractRemoteTestNG.java:115)
at org.testng.remote.RemoteTestNG.initAndRun(RemoteTestNG.java:293)
at org.testng.remote.RemoteTestNG.main(RemoteTestNG.java:91)
Caused by: com.microsoft.playwright.TimeoutError: Error {
  message='Timeout 30000ms exceeded.
  name='TimeoutError
  stack='TimeoutError: Timeout 30000ms exceeded.
    at ProgressController.run (C:\Users\SHRINI~1\AppData\Local\Temp\playwright-java-6666232398811547017\package\lib\server\progress.js:76:26)
    at Frame._callOnElementOnceMatches (C:\Users\SHRINI~1\AppData\Local\Temp\playwright-java-6666232398811547017\package\lib\server\frames.js:1379:23)
    at Frame.textContent (C:\Users\SHRINI~1\AppData\Local\Temp\playwright-java-6666232398811547017\package\lib\server\frames.js:1055:17)
    at FrameDispatcher.textContent (C:\Users\SHRINI~1\AppData\Local\Temp\playwright-java-6666232398811547017\package\lib\server\dispatchers\frameDispatcher.js:138:37)
    at FrameDispatcher._handleCommand (C:\Users\SHRINI~1\AppData\Local\Temp\playwright-java-6666232398811547017\package\lib\server\dispatchers\dispatcher.js:94:40)
    at DispatcherConnection.dispatch (C:\Users\SHRINI~1\AppData\Local\Temp\playwright-java-6666232398811547017\package\lib\server\dispatchers\dispatcher.js:307:39)
}
Call log:
-   - waiting for locator("xpath=(//p[contains(normalize-space(),'Maximum character limit exceeded')])[1]")

at com.microsoft.playwright.impl.Connection.dispatch(Connection.java:254)
at com.microsoft.playwright.impl.Connection.processOneMessage(Connection.java:211)
at com.microsoft.playwright.impl.ChannelOwner.runUntil(ChannelOwner.java:130)
... 37 more
]]>
    </error>
  </testcase> <!-- verifySignupWithVeryLongName -->
</testsuite> <!-- signUp.TC_02_032 -->
