<?xml version="1.0" encoding="UTF-8"?>
<!-- Generated by org.testng.reporters.JUnitReportReporter -->
<testsuite hostname="AZI-APR-30913" failures="0" tests="1" name="signUp.TC_02_015" time="34.673" errors="1" timestamp="2026-06-15T11:20:08 IST" skipped="0">
  <testcase classname="signUp.TC_02_015" name="verifySignupWithEmptyLocation" time="34.673">
    <error message="Error {
  message=&#039;Timeout 30000ms exceeded.
  name=&#039;TimeoutError
  stack=&#039;TimeoutError: Timeout 30000ms exceeded.
    at ProgressController.run (C:\Users\SHRINI~1\AppData\Local\Temp\playwright-java-17152706374326676191\package\lib\server\progress.js:76:26)
    at Frame.fill (C:\Users\SHRINI~1\AppData\Local\Temp\playwright-java-17152706374326676191\package\lib\server\frames.js:1038:23)
    at FrameDispatcher.fill (C:\Users\SHRINI~1\AppData\Local\Temp\playwright-java-17152706374326676191\package\lib\server\dispatchers\frameDispatcher.js:129:30)
    at FrameDispatcher._handleCommand (C:\Users\SHRINI~1\AppData\Local\Temp\playwright-java-17152706374326676191\package\lib\server\dispatchers\dispatcher.js:94:40)
    at DispatcherConnection.dispatch (C:\Users\SHRINI~1\AppData\Local\Temp\playwright-java-17152706374326676191\package\lib\server\dispatchers\dispatcher.js:307:39)
}
Call log:
-   - waiting for locator(&quot;//input[@placeholder=&#039;Enter your name&#039;]&quot;)
" type="com.microsoft.playwright.TimeoutError">
      <![CDATA[com.microsoft.playwright.TimeoutError: Error {
  message='Timeout 30000ms exceeded.
  name='TimeoutError
  stack='TimeoutError: Timeout 30000ms exceeded.
    at ProgressController.run (C:\Users\SHRINI~1\AppData\Local\Temp\playwright-java-17152706374326676191\package\lib\server\progress.js:76:26)
    at Frame.fill (C:\Users\SHRINI~1\AppData\Local\Temp\playwright-java-17152706374326676191\package\lib\server\frames.js:1038:23)
    at FrameDispatcher.fill (C:\Users\SHRINI~1\AppData\Local\Temp\playwright-java-17152706374326676191\package\lib\server\dispatchers\frameDispatcher.js:129:30)
    at FrameDispatcher._handleCommand (C:\Users\SHRINI~1\AppData\Local\Temp\playwright-java-17152706374326676191\package\lib\server\dispatchers\dispatcher.js:94:40)
    at DispatcherConnection.dispatch (C:\Users\SHRINI~1\AppData\Local\Temp\playwright-java-17152706374326676191\package\lib\server\dispatchers\dispatcher.js:307:39)
}
Call log:
-   - waiting for locator("//input[@placeholder='Enter your name']")

at com.microsoft.playwright.impl.WaitableResult.get(WaitableResult.java:52)
at com.microsoft.playwright.impl.ChannelOwner.runUntil(ChannelOwner.java:132)
at com.microsoft.playwright.impl.Connection.sendMessage(Connection.java:130)
at com.microsoft.playwright.impl.ChannelOwner.sendMessage(ChannelOwner.java:118)
at com.microsoft.playwright.impl.FrameImpl.fillImpl(FrameImpl.java:335)
at com.microsoft.playwright.impl.PageImpl.lambda$fill$28(PageImpl.java:767)
at com.microsoft.playwright.impl.LoggingSupport.lambda$withLogging$0(LoggingSupport.java:36)
at com.microsoft.playwright.impl.LoggingSupport.withLogging(LoggingSupport.java:47)
at com.microsoft.playwright.impl.ChannelOwner.withLogging(ChannelOwner.java:97)
at com.microsoft.playwright.impl.LoggingSupport.withLogging(LoggingSupport.java:35)
at com.microsoft.playwright.impl.PageImpl.fill(PageImpl.java:766)
at com.microsoft.playwright.Page.fill(Page.java:4732)
at Pages.SignupPage.enterFullName(SignupPage.java:87)
at signUp.TC_02_015.verifySignupWithEmptyLocation(TC_02_015.java:33)
at java.base/jdk.internal.reflect.DirectMethodHandleAccessor.invoke(DirectMethodHandleAccessor.java:103)
at java.base/java.lang.reflect.Method.invoke(Method.java:580)
at org.testng.internal.invokers.MethodInvocationHelper.invokeMethod(MethodInvocationHelper.java:141)
at org.testng.internal.invokers.TestInvoker.invokeMethod(TestInvoker.java:687)
at org.testng.internal.invokers.TestInvoker.invokeTestMethod(TestInvoker.java:230)
at org.testng.internal.invokers.MethodRunner.runInSequence(MethodRunner.java:63)
at org.testng.internal.invokers.TestInvoker$MethodInvocationAgent.invoke(TestInvoker.java:995)
at org.testng.internal.invokers.TestInvoker.invokeTestMethods(TestInvoker.java:203)
at org.testng.internal.invokers.TestMethodWorker.invokeTestMethods(TestMethodWorker.java:154)
at org.testng.internal.invokers.TestMethodWorker.run(TestMethodWorker.java:134)
at java.base/java.util.concurrent.Executors$RunnableAdapter.call(Executors.java:572)
at java.base/java.util.concurrent.FutureTask.run(FutureTask.java:317)
at org.testng.internal.thread.graph.TestNGFutureTask.run(TestNGFutureTask.java:22)
at java.base/java.util.concurrent.ThreadPoolExecutor.runWorker(ThreadPoolExecutor.java:1144)
at java.base/java.util.concurrent.ThreadPoolExecutor$Worker.run(ThreadPoolExecutor.java:642)
at java.base/java.lang.Thread.run(Thread.java:1583)
Caused by: com.microsoft.playwright.TimeoutError: Error {
  message='Timeout 30000ms exceeded.
  name='TimeoutError
  stack='TimeoutError: Timeout 30000ms exceeded.
    at ProgressController.run (C:\Users\SHRINI~1\AppData\Local\Temp\playwright-java-17152706374326676191\package\lib\server\progress.js:76:26)
    at Frame.fill (C:\Users\SHRINI~1\AppData\Local\Temp\playwright-java-17152706374326676191\package\lib\server\frames.js:1038:23)
    at FrameDispatcher.fill (C:\Users\SHRINI~1\AppData\Local\Temp\playwright-java-17152706374326676191\package\lib\server\dispatchers\frameDispatcher.js:129:30)
    at FrameDispatcher._handleCommand (C:\Users\SHRINI~1\AppData\Local\Temp\playwright-java-17152706374326676191\package\lib\server\dispatchers\dispatcher.js:94:40)
    at DispatcherConnection.dispatch (C:\Users\SHRINI~1\AppData\Local\Temp\playwright-java-17152706374326676191\package\lib\server\dispatchers\dispatcher.js:307:39)
}
Call log:
-   - waiting for locator("//input[@placeholder='Enter your name']")

at com.microsoft.playwright.impl.Connection.dispatch(Connection.java:254)
at com.microsoft.playwright.impl.Connection.processOneMessage(Connection.java:211)
at com.microsoft.playwright.impl.ChannelOwner.runUntil(ChannelOwner.java:130)
... 28 more
]]>
    </error>
  </testcase> <!-- verifySignupWithEmptyLocation -->
</testsuite> <!-- signUp.TC_02_015 -->
