<?xml version="1.0" encoding="UTF-8"?>
<!-- Generated by org.testng.reporters.JUnitReportReporter -->
<testsuite hostname="AZI-APR-30913" failures="0" tests="1" name="signUp.TC_02_011" time="7.217" errors="1" timestamp="2026-06-08T11:01:41 IST" skipped="0">
  <testcase classname="signUp.TC_02_011" name="verifySignupWithEmptyPasswordField" time="7.217">
    <error message="Error {
  message=&#039;SyntaxError: Failed to execute &#039;evaluate&#039; on &#039;Document&#039;: The string &#039;(//p[contains(text(),&#039;All fields are required.&#039;])[1]&#039; is not a valid XPath expression.
    at Object.queryAll (&lt;anonymous&gt;:5775:25)
    at InjectedScript._queryEngineAll (&lt;anonymous&gt;:6017:49)
    at InjectedScript.querySelectorAll (&lt;anonymous&gt;:6004:30)
    at InjectedScript.querySelector (&lt;anonymous&gt;:5929:25)
    at eval (eval at evaluate (:313:29), &lt;anonymous&gt;:3:36)
    at UtilityScript.evaluate (&lt;anonymous&gt;:315:16)
    at UtilityScript.&lt;anonymous&gt; (&lt;anonymous&gt;:1:44)
  name=&#039;Error
  stack=&#039;Error: SyntaxError: Failed to execute &#039;evaluate&#039; on &#039;Document&#039;: The string &#039;(//p[contains(text(),&#039;All fields are required.&#039;])[1]&#039; is not a valid XPath expression.
    at Object.queryAll (&lt;anonymous&gt;:5775:25)
    at InjectedScript._queryEngineAll (&lt;anonymous&gt;:6017:49)
    at InjectedScript.querySelectorAll (&lt;anonymous&gt;:6004:30)
    at InjectedScript.querySelector (&lt;anonymous&gt;:5929:25)
    at eval (eval at evaluate (:313:29), &lt;anonymous&gt;:3:36)
    at UtilityScript.evaluate (&lt;anonymous&gt;:315:16)
    at UtilityScript.&lt;anonymous&gt; (&lt;anonymous&gt;:1:44)
    at CRExecutionContext.evaluateWithArguments (C:\Users\SHRINI~1\AppData\Local\Temp\playwright-java-8739725671248512386\package\lib\server\chromium\crExecutionContext.js:79:13)
    at async LongStandingScope._race (C:\Users\SHRINI~1\AppData\Local\Temp\playwright-java-8739725671248512386\package\lib\utils\isomorphic\manualPromise.js:95:14)
    at async evaluateExpression (C:\Users\SHRINI~1\AppData\Local\Temp\playwright-java-8739725671248512386\package\lib\server\javascript.js:223:12)
    at async C:\Users\SHRINI~1\AppData\Local\Temp\playwright-java-8739725671248512386\package\lib\server\frames.js:1386:41
    at async Frame.retryWithProgressAndTimeouts (C:\Users\SHRINI~1\AppData\Local\Temp\playwright-java-8739725671248512386\package\lib\server\frames.js:916:24)
    at async ProgressController.run (C:\Users\SHRINI~1\AppData\Local\Temp\playwright-java-8739725671248512386\package\lib\server\progress.js:80:22)
    at async FrameDispatcher.textContent (C:\Users\SHRINI~1\AppData\Local\Temp\playwright-java-8739725671248512386\package\lib\server\dispatchers\frameDispatcher.js:138:19)
    at async LongStandingScope._race (C:\Users\SHRINI~1\AppData\Local\Temp\playwright-java-8739725671248512386\package\lib\utils\isomorphic\manualPromise.js:95:14)
    at async FrameDispatcher._handleCommand (C:\Users\SHRINI~1\AppData\Local\Temp\playwright-java-8739725671248512386\package\lib\server\dispatchers\dispatcher.js:96:14)
    at async DispatcherConnection.dispatch (C:\Users\SHRINI~1\AppData\Local\Temp\playwright-java-8739725671248512386\package\lib\server\dispatchers\dispatcher.js:307:22)
}
Call log:
-   - waiting for locator(&quot;xpath=(//p[contains(text(),&#039;All fields are required.&#039;])[1]&quot;)
" type="com.microsoft.playwright.PlaywrightException">
      <![CDATA[com.microsoft.playwright.PlaywrightException: Error {
  message='SyntaxError: Failed to execute 'evaluate' on 'Document': The string '(//p[contains(text(),'All fields are required.'])[1]' is not a valid XPath expression.
    at Object.queryAll (<anonymous>:5775:25)
    at InjectedScript._queryEngineAll (<anonymous>:6017:49)
    at InjectedScript.querySelectorAll (<anonymous>:6004:30)
    at InjectedScript.querySelector (<anonymous>:5929:25)
    at eval (eval at evaluate (:313:29), <anonymous>:3:36)
    at UtilityScript.evaluate (<anonymous>:315:16)
    at UtilityScript.<anonymous> (<anonymous>:1:44)
  name='Error
  stack='Error: SyntaxError: Failed to execute 'evaluate' on 'Document': The string '(//p[contains(text(),'All fields are required.'])[1]' is not a valid XPath expression.
    at Object.queryAll (<anonymous>:5775:25)
    at InjectedScript._queryEngineAll (<anonymous>:6017:49)
    at InjectedScript.querySelectorAll (<anonymous>:6004:30)
    at InjectedScript.querySelector (<anonymous>:5929:25)
    at eval (eval at evaluate (:313:29), <anonymous>:3:36)
    at UtilityScript.evaluate (<anonymous>:315:16)
    at UtilityScript.<anonymous> (<anonymous>:1:44)
    at CRExecutionContext.evaluateWithArguments (C:\Users\SHRINI~1\AppData\Local\Temp\playwright-java-8739725671248512386\package\lib\server\chromium\crExecutionContext.js:79:13)
    at async LongStandingScope._race (C:\Users\SHRINI~1\AppData\Local\Temp\playwright-java-8739725671248512386\package\lib\utils\isomorphic\manualPromise.js:95:14)
    at async evaluateExpression (C:\Users\SHRINI~1\AppData\Local\Temp\playwright-java-8739725671248512386\package\lib\server\javascript.js:223:12)
    at async C:\Users\SHRINI~1\AppData\Local\Temp\playwright-java-8739725671248512386\package\lib\server\frames.js:1386:41
    at async Frame.retryWithProgressAndTimeouts (C:\Users\SHRINI~1\AppData\Local\Temp\playwright-java-8739725671248512386\package\lib\server\frames.js:916:24)
    at async ProgressController.run (C:\Users\SHRINI~1\AppData\Local\Temp\playwright-java-8739725671248512386\package\lib\server\progress.js:80:22)
    at async FrameDispatcher.textContent (C:\Users\SHRINI~1\AppData\Local\Temp\playwright-java-8739725671248512386\package\lib\server\dispatchers\frameDispatcher.js:138:19)
    at async LongStandingScope._race (C:\Users\SHRINI~1\AppData\Local\Temp\playwright-java-8739725671248512386\package\lib\utils\isomorphic\manualPromise.js:95:14)
    at async FrameDispatcher._handleCommand (C:\Users\SHRINI~1\AppData\Local\Temp\playwright-java-8739725671248512386\package\lib\server\dispatchers\dispatcher.js:96:14)
    at async DispatcherConnection.dispatch (C:\Users\SHRINI~1\AppData\Local\Temp\playwright-java-8739725671248512386\package\lib\server\dispatchers\dispatcher.js:307:22)
}
Call log:
-   - waiting for locator("xpath=(//p[contains(text(),'All fields are required.'])[1]")

at com.microsoft.playwright.impl.WaitableResult.get(WaitableResult.java:56)
at com.microsoft.playwright.impl.ChannelOwner.runUntil(ChannelOwner.java:132)
at com.microsoft.playwright.impl.Connection.sendMessage(Connection.java:130)
at com.microsoft.playwright.impl.ChannelOwner.sendMessage(ChannelOwner.java:118)
at com.microsoft.playwright.impl.FrameImpl.textContentImpl(FrameImpl.java:818)
at com.microsoft.playwright.impl.FrameImpl.lambda$textContent$38(FrameImpl.java:809)
at com.microsoft.playwright.impl.LoggingSupport.withLogging(LoggingSupport.java:47)
at com.microsoft.playwright.impl.ChannelOwner.withLogging(ChannelOwner.java:97)
at com.microsoft.playwright.impl.FrameImpl.textContent(FrameImpl.java:809)
at com.microsoft.playwright.impl.LocatorImpl.textContent(LocatorImpl.java:606)
at com.microsoft.playwright.Locator.textContent(Locator.java:5286)
at Pages.SignupPage.getValidationMessage(SignupPage.java:179)
at signUp.TC_02_011.verifySignupWithEmptyPasswordField(TC_02_011.java:68)
at java.base/jdk.internal.reflect.DirectMethodHandleAccessor.invoke(DirectMethodHandleAccessor.java:103)
at java.base/java.lang.reflect.Method.invoke(Method.java:580)
at org.testng.internal.invokers.MethodInvocationHelper.invokeMethod(MethodInvocationHelper.java:141)
at org.testng.internal.invokers.TestInvoker.invokeMethod(TestInvoker.java:687)
at org.testng.internal.invokers.TestInvoker.invokeTestMethod(TestInvoker.java:230)
at org.testng.internal.invokers.MethodRunner.runInSequence(MethodRunner.java:63)
at org.testng.internal.invokers.TestInvoker$MethodInvocationAgent.invoke(TestInvoker.java:995)
at org.testng.internal.invokers.TestInvoker.invokeTestMethods(TestInvoker.java:203)
at org.testng.internal.invokers.TestMethodWorker.invokeTestMethods(TestMethodWorker.java:154)
at org.testng.internal.invokers.TestMethodWorker.run(TestMethodWorker.java:134)
at java.base/java.util.ArrayList.forEach(ArrayList.java:1596)
at org.testng.TestRunner.privateRun(TestRunner.java:741)
at org.testng.TestRunner.run(TestRunner.java:616)
at org.testng.SuiteRunner.runTest(SuiteRunner.java:421)
at org.testng.SuiteRunner.runSequentially(SuiteRunner.java:413)
at org.testng.SuiteRunner.privateRun(SuiteRunner.java:373)
at org.testng.SuiteRunner.run(SuiteRunner.java:312)
at org.testng.SuiteRunnerWorker.runSuite(SuiteRunnerWorker.java:52)
at org.testng.SuiteRunnerWorker.run(SuiteRunnerWorker.java:95)
at org.testng.TestNG.runSuitesSequentially(TestNG.java:1274)
at org.testng.TestNG.runSuitesLocally(TestNG.java:1208)
at org.testng.TestNG.runSuites(TestNG.java:1112)
at org.testng.TestNG.run(TestNG.java:1079)
at org.testng.remote.AbstractRemoteTestNG.run(AbstractRemoteTestNG.java:115)
at org.testng.remote.RemoteTestNG.initAndRun(RemoteTestNG.java:293)
at org.testng.remote.RemoteTestNG.main(RemoteTestNG.java:91)
Caused by: com.microsoft.playwright.impl.DriverException: Error {
  message='SyntaxError: Failed to execute 'evaluate' on 'Document': The string '(//p[contains(text(),'All fields are required.'])[1]' is not a valid XPath expression.
    at Object.queryAll (<anonymous>:5775:25)
    at InjectedScript._queryEngineAll (<anonymous>:6017:49)
    at InjectedScript.querySelectorAll (<anonymous>:6004:30)
    at InjectedScript.querySelector (<anonymous>:5929:25)
    at eval (eval at evaluate (:313:29), <anonymous>:3:36)
    at UtilityScript.evaluate (<anonymous>:315:16)
    at UtilityScript.<anonymous> (<anonymous>:1:44)
  name='Error
  stack='Error: SyntaxError: Failed to execute 'evaluate' on 'Document': The string '(//p[contains(text(),'All fields are required.'])[1]' is not a valid XPath expression.
    at Object.queryAll (<anonymous>:5775:25)
    at InjectedScript._queryEngineAll (<anonymous>:6017:49)
    at InjectedScript.querySelectorAll (<anonymous>:6004:30)
    at InjectedScript.querySelector (<anonymous>:5929:25)
    at eval (eval at evaluate (:313:29), <anonymous>:3:36)
    at UtilityScript.evaluate (<anonymous>:315:16)
    at UtilityScript.<anonymous> (<anonymous>:1:44)
    at CRExecutionContext.evaluateWithArguments (C:\Users\SHRINI~1\AppData\Local\Temp\playwright-java-8739725671248512386\package\lib\server\chromium\crExecutionContext.js:79:13)
    at async LongStandingScope._race (C:\Users\SHRINI~1\AppData\Local\Temp\playwright-java-8739725671248512386\package\lib\utils\isomorphic\manualPromise.js:95:14)
    at async evaluateExpression (C:\Users\SHRINI~1\AppData\Local\Temp\playwright-java-8739725671248512386\package\lib\server\javascript.js:223:12)
    at async C:\Users\SHRINI~1\AppData\Local\Temp\playwright-java-8739725671248512386\package\lib\server\frames.js:1386:41
    at async Frame.retryWithProgressAndTimeouts (C:\Users\SHRINI~1\AppData\Local\Temp\playwright-java-8739725671248512386\package\lib\server\frames.js:916:24)
    at async ProgressController.run (C:\Users\SHRINI~1\AppData\Local\Temp\playwright-java-8739725671248512386\package\lib\server\progress.js:80:22)
    at async FrameDispatcher.textContent (C:\Users\SHRINI~1\AppData\Local\Temp\playwright-java-8739725671248512386\package\lib\server\dispatchers\frameDispatcher.js:138:19)
    at async LongStandingScope._race (C:\Users\SHRINI~1\AppData\Local\Temp\playwright-java-8739725671248512386\package\lib\utils\isomorphic\manualPromise.js:95:14)
    at async FrameDispatcher._handleCommand (C:\Users\SHRINI~1\AppData\Local\Temp\playwright-java-8739725671248512386\package\lib\server\dispatchers\dispatcher.js:96:14)
    at async DispatcherConnection.dispatch (C:\Users\SHRINI~1\AppData\Local\Temp\playwright-java-8739725671248512386\package\lib\server\dispatchers\dispatcher.js:307:22)
}
Call log:
-   - waiting for locator("xpath=(//p[contains(text(),'All fields are required.'])[1]")

at com.microsoft.playwright.impl.Connection.dispatch(Connection.java:259)
at com.microsoft.playwright.impl.Connection.processOneMessage(Connection.java:211)
at com.microsoft.playwright.impl.ChannelOwner.runUntil(ChannelOwner.java:130)
... 37 more
]]>
    </error>
  </testcase> <!-- verifySignupWithEmptyPasswordField -->
</testsuite> <!-- signUp.TC_02_011 -->
