<?xml version="1.0" encoding="UTF-8"?>
<!-- Generated by org.testng.reporters.JUnitReportReporter -->
<testsuite hostname="AZI-APR-30913" failures="0" tests="20" name="signUp.addAllUser" time="398.106" errors="20" timestamp="2026-06-15T11:20:08 IST" skipped="0">
  <testcase classname="signUp.addAllUser" name="verifySuccessfulSignup" time="20.229">
    <error message="Error {
  message=&#039;Timeout 15000ms exceeded.
  name=&#039;TimeoutError
  stack=&#039;TimeoutError: Timeout 15000ms exceeded.
    at ProgressController.run (C:\Users\SHRINI~1\AppData\Local\Temp\playwright-java-17152706374326676191\package\lib\server\progress.js:76:26)
    at Frame.waitForSelector (C:\Users\SHRINI~1\AppData\Local\Temp\playwright-java-17152706374326676191\package\lib\server\frames.js:647:23)
    at FrameDispatcher.waitForSelector (C:\Users\SHRINI~1\AppData\Local\Temp\playwright-java-17152706374326676191\package\lib\server\dispatchers\frameDispatcher.js:82:116)
    at FrameDispatcher._handleCommand (C:\Users\SHRINI~1\AppData\Local\Temp\playwright-java-17152706374326676191\package\lib\server\dispatchers\dispatcher.js:94:40)
    at DispatcherConnection.dispatch (C:\Users\SHRINI~1\AppData\Local\Temp\playwright-java-17152706374326676191\package\lib\server\dispatchers\dispatcher.js:307:39)
}
Call log:
-   - waiting for locator(&quot;//input[@placeholder=&#039;Enter your name&#039;]&quot;) to be visible
" type="com.microsoft.playwright.TimeoutError">
      <![CDATA[com.microsoft.playwright.TimeoutError: Error {
  message='Timeout 15000ms exceeded.
  name='TimeoutError
  stack='TimeoutError: Timeout 15000ms exceeded.
    at ProgressController.run (C:\Users\SHRINI~1\AppData\Local\Temp\playwright-java-17152706374326676191\package\lib\server\progress.js:76:26)
    at Frame.waitForSelector (C:\Users\SHRINI~1\AppData\Local\Temp\playwright-java-17152706374326676191\package\lib\server\frames.js:647:23)
    at FrameDispatcher.waitForSelector (C:\Users\SHRINI~1\AppData\Local\Temp\playwright-java-17152706374326676191\package\lib\server\dispatchers\frameDispatcher.js:82:116)
    at FrameDispatcher._handleCommand (C:\Users\SHRINI~1\AppData\Local\Temp\playwright-java-17152706374326676191\package\lib\server\dispatchers\dispatcher.js:94:40)
    at DispatcherConnection.dispatch (C:\Users\SHRINI~1\AppData\Local\Temp\playwright-java-17152706374326676191\package\lib\server\dispatchers\dispatcher.js:307:39)
}
Call log:
-   - waiting for locator("//input[@placeholder='Enter your name']") to be visible

at com.microsoft.playwright.impl.WaitableResult.get(WaitableResult.java:52)
at com.microsoft.playwright.impl.ChannelOwner.runUntil(ChannelOwner.java:132)
at com.microsoft.playwright.impl.Connection.sendMessage(Connection.java:130)
at com.microsoft.playwright.impl.ChannelOwner.sendMessage(ChannelOwner.java:118)
at com.microsoft.playwright.impl.FrameImpl.waitForSelectorImpl(FrameImpl.java:1060)
at com.microsoft.playwright.impl.FrameImpl.waitForSelectorImpl(FrameImpl.java:1050)
at com.microsoft.playwright.impl.PageImpl.lambda$waitForSelector$95(PageImpl.java:1590)
at com.microsoft.playwright.impl.LoggingSupport.withLogging(LoggingSupport.java:47)
at com.microsoft.playwright.impl.ChannelOwner.withLogging(ChannelOwner.java:97)
at com.microsoft.playwright.impl.PageImpl.waitForSelector(PageImpl.java:1589)
at signUp.addAllUser.verifySuccessfulSignup(addAllUser.java:37)
at java.base/jdk.internal.reflect.DirectMethodHandleAccessor.invoke(DirectMethodHandleAccessor.java:103)
at java.base/java.lang.reflect.Method.invoke(Method.java:580)
at org.testng.internal.invokers.MethodInvocationHelper.invokeMethod(MethodInvocationHelper.java:141)
at org.testng.internal.invokers.TestInvoker.invokeMethod(TestInvoker.java:687)
at org.testng.internal.invokers.TestInvoker.invokeTestMethod(TestInvoker.java:230)
at org.testng.internal.invokers.MethodRunner.runInSequence(MethodRunner.java:63)
at org.testng.internal.invokers.TestInvoker$MethodInvocationAgent.invoke(TestInvoker.java:995)
at org.testng.internal.invokers.TestInvoker.invokeTestMethods(TestInvoker.java:203)
at org.testng.internal.invokers.TestMethodWorker.invokeTestMethods(TestMethodWorker.java:154)
at org.testng.internal.invokers.TestMethodWorker.run(TestMethodWorker.java:134)
at java.base/java.util.concurrent.Executors$RunnableAdapter.call(Executors.java:572)
at java.base/java.util.concurrent.FutureTask.run(FutureTask.java:317)
at org.testng.internal.thread.graph.TestNGFutureTask.run(TestNGFutureTask.java:22)
at java.base/java.util.concurrent.ThreadPoolExecutor.runWorker(ThreadPoolExecutor.java:1144)
at java.base/java.util.concurrent.ThreadPoolExecutor$Worker.run(ThreadPoolExecutor.java:642)
at java.base/java.lang.Thread.run(Thread.java:1583)
Caused by: com.microsoft.playwright.TimeoutError: Error {
  message='Timeout 15000ms exceeded.
  name='TimeoutError
  stack='TimeoutError: Timeout 15000ms exceeded.
    at ProgressController.run (C:\Users\SHRINI~1\AppData\Local\Temp\playwright-java-17152706374326676191\package\lib\server\progress.js:76:26)
    at Frame.waitForSelector (C:\Users\SHRINI~1\AppData\Local\Temp\playwright-java-17152706374326676191\package\lib\server\frames.js:647:23)
    at FrameDispatcher.waitForSelector (C:\Users\SHRINI~1\AppData\Local\Temp\playwright-java-17152706374326676191\package\lib\server\dispatchers\frameDispatcher.js:82:116)
    at FrameDispatcher._handleCommand (C:\Users\SHRINI~1\AppData\Local\Temp\playwright-java-17152706374326676191\package\lib\server\dispatchers\dispatcher.js:94:40)
    at DispatcherConnection.dispatch (C:\Users\SHRINI~1\AppData\Local\Temp\playwright-java-17152706374326676191\package\lib\server\dispatchers\dispatcher.js:307:39)
}
Call log:
-   - waiting for locator("//input[@placeholder='Enter your name']") to be visible

at com.microsoft.playwright.impl.Connection.dispatch(Connection.java:254)
at com.microsoft.playwright.impl.Connection.processOneMessage(Connection.java:211)
at com.microsoft.playwright.impl.ChannelOwner.runUntil(ChannelOwner.java:130)
... 25 more
]]>
    </error>
  </testcase> <!-- verifySuccessfulSignup -->
  <testcase classname="signUp.addAllUser" name="verifySuccessfulSignup" time="20.561">
    <error message="Error {
  message=&#039;Timeout 15000ms exceeded.
  name=&#039;TimeoutError
  stack=&#039;TimeoutError: Timeout 15000ms exceeded.
    at ProgressController.run (C:\Users\SHRINI~1\AppData\Local\Temp\playwright-java-17152706374326676191\package\lib\server\progress.js:76:26)
    at Frame.waitForSelector (C:\Users\SHRINI~1\AppData\Local\Temp\playwright-java-17152706374326676191\package\lib\server\frames.js:647:23)
    at FrameDispatcher.waitForSelector (C:\Users\SHRINI~1\AppData\Local\Temp\playwright-java-17152706374326676191\package\lib\server\dispatchers\frameDispatcher.js:82:116)
    at FrameDispatcher._handleCommand (C:\Users\SHRINI~1\AppData\Local\Temp\playwright-java-17152706374326676191\package\lib\server\dispatchers\dispatcher.js:94:40)
    at DispatcherConnection.dispatch (C:\Users\SHRINI~1\AppData\Local\Temp\playwright-java-17152706374326676191\package\lib\server\dispatchers\dispatcher.js:307:39)
}
Call log:
-   - waiting for locator(&quot;//input[@placeholder=&#039;Enter your name&#039;]&quot;) to be visible
" type="com.microsoft.playwright.TimeoutError">
      <![CDATA[com.microsoft.playwright.TimeoutError: Error {
  message='Timeout 15000ms exceeded.
  name='TimeoutError
  stack='TimeoutError: Timeout 15000ms exceeded.
    at ProgressController.run (C:\Users\SHRINI~1\AppData\Local\Temp\playwright-java-17152706374326676191\package\lib\server\progress.js:76:26)
    at Frame.waitForSelector (C:\Users\SHRINI~1\AppData\Local\Temp\playwright-java-17152706374326676191\package\lib\server\frames.js:647:23)
    at FrameDispatcher.waitForSelector (C:\Users\SHRINI~1\AppData\Local\Temp\playwright-java-17152706374326676191\package\lib\server\dispatchers\frameDispatcher.js:82:116)
    at FrameDispatcher._handleCommand (C:\Users\SHRINI~1\AppData\Local\Temp\playwright-java-17152706374326676191\package\lib\server\dispatchers\dispatcher.js:94:40)
    at DispatcherConnection.dispatch (C:\Users\SHRINI~1\AppData\Local\Temp\playwright-java-17152706374326676191\package\lib\server\dispatchers\dispatcher.js:307:39)
}
Call log:
-   - waiting for locator("//input[@placeholder='Enter your name']") to be visible

at com.microsoft.playwright.impl.WaitableResult.get(WaitableResult.java:52)
at com.microsoft.playwright.impl.ChannelOwner.runUntil(ChannelOwner.java:132)
at com.microsoft.playwright.impl.Connection.sendMessage(Connection.java:130)
at com.microsoft.playwright.impl.ChannelOwner.sendMessage(ChannelOwner.java:118)
at com.microsoft.playwright.impl.FrameImpl.waitForSelectorImpl(FrameImpl.java:1060)
at com.microsoft.playwright.impl.FrameImpl.waitForSelectorImpl(FrameImpl.java:1050)
at com.microsoft.playwright.impl.PageImpl.lambda$waitForSelector$95(PageImpl.java:1590)
at com.microsoft.playwright.impl.LoggingSupport.withLogging(LoggingSupport.java:47)
at com.microsoft.playwright.impl.ChannelOwner.withLogging(ChannelOwner.java:97)
at com.microsoft.playwright.impl.PageImpl.waitForSelector(PageImpl.java:1589)
at signUp.addAllUser.verifySuccessfulSignup(addAllUser.java:37)
at java.base/jdk.internal.reflect.DirectMethodHandleAccessor.invoke(DirectMethodHandleAccessor.java:103)
at java.base/java.lang.reflect.Method.invoke(Method.java:580)
at org.testng.internal.invokers.MethodInvocationHelper.invokeMethod(MethodInvocationHelper.java:141)
at org.testng.internal.invokers.TestInvoker.invokeMethod(TestInvoker.java:687)
at org.testng.internal.invokers.TestInvoker.invokeTestMethod(TestInvoker.java:230)
at org.testng.internal.invokers.MethodRunner.runInSequence(MethodRunner.java:63)
at org.testng.internal.invokers.TestInvoker$MethodInvocationAgent.invoke(TestInvoker.java:995)
at org.testng.internal.invokers.TestInvoker.invokeTestMethods(TestInvoker.java:203)
at org.testng.internal.invokers.TestMethodWorker.invokeTestMethods(TestMethodWorker.java:154)
at org.testng.internal.invokers.TestMethodWorker.run(TestMethodWorker.java:134)
at java.base/java.util.concurrent.Executors$RunnableAdapter.call(Executors.java:572)
at java.base/java.util.concurrent.FutureTask.run(FutureTask.java:317)
at org.testng.internal.thread.graph.TestNGFutureTask.run(TestNGFutureTask.java:22)
at java.base/java.util.concurrent.ThreadPoolExecutor.runWorker(ThreadPoolExecutor.java:1144)
at java.base/java.util.concurrent.ThreadPoolExecutor$Worker.run(ThreadPoolExecutor.java:642)
at java.base/java.lang.Thread.run(Thread.java:1583)
Caused by: com.microsoft.playwright.TimeoutError: Error {
  message='Timeout 15000ms exceeded.
  name='TimeoutError
  stack='TimeoutError: Timeout 15000ms exceeded.
    at ProgressController.run (C:\Users\SHRINI~1\AppData\Local\Temp\playwright-java-17152706374326676191\package\lib\server\progress.js:76:26)
    at Frame.waitForSelector (C:\Users\SHRINI~1\AppData\Local\Temp\playwright-java-17152706374326676191\package\lib\server\frames.js:647:23)
    at FrameDispatcher.waitForSelector (C:\Users\SHRINI~1\AppData\Local\Temp\playwright-java-17152706374326676191\package\lib\server\dispatchers\frameDispatcher.js:82:116)
    at FrameDispatcher._handleCommand (C:\Users\SHRINI~1\AppData\Local\Temp\playwright-java-17152706374326676191\package\lib\server\dispatchers\dispatcher.js:94:40)
    at DispatcherConnection.dispatch (C:\Users\SHRINI~1\AppData\Local\Temp\playwright-java-17152706374326676191\package\lib\server\dispatchers\dispatcher.js:307:39)
}
Call log:
-   - waiting for locator("//input[@placeholder='Enter your name']") to be visible

at com.microsoft.playwright.impl.Connection.dispatch(Connection.java:254)
at com.microsoft.playwright.impl.Connection.processOneMessage(Connection.java:211)
at com.microsoft.playwright.impl.ChannelOwner.runUntil(ChannelOwner.java:130)
... 25 more
]]>
    </error>
  </testcase> <!-- verifySuccessfulSignup -->
  <testcase classname="signUp.addAllUser" name="verifySuccessfulSignup" time="22.837">
    <error message="Error {
  message=&#039;Timeout 15000ms exceeded.
  name=&#039;TimeoutError
  stack=&#039;TimeoutError: Timeout 15000ms exceeded.
    at ProgressController.run (C:\Users\SHRINI~1\AppData\Local\Temp\playwright-java-17152706374326676191\package\lib\server\progress.js:76:26)
    at Frame.waitForSelector (C:\Users\SHRINI~1\AppData\Local\Temp\playwright-java-17152706374326676191\package\lib\server\frames.js:647:23)
    at FrameDispatcher.waitForSelector (C:\Users\SHRINI~1\AppData\Local\Temp\playwright-java-17152706374326676191\package\lib\server\dispatchers\frameDispatcher.js:82:116)
    at FrameDispatcher._handleCommand (C:\Users\SHRINI~1\AppData\Local\Temp\playwright-java-17152706374326676191\package\lib\server\dispatchers\dispatcher.js:94:40)
    at DispatcherConnection.dispatch (C:\Users\SHRINI~1\AppData\Local\Temp\playwright-java-17152706374326676191\package\lib\server\dispatchers\dispatcher.js:307:39)
}
Call log:
-   - waiting for locator(&quot;//input[@placeholder=&#039;Enter your name&#039;]&quot;) to be visible
" type="com.microsoft.playwright.TimeoutError">
      <![CDATA[com.microsoft.playwright.TimeoutError: Error {
  message='Timeout 15000ms exceeded.
  name='TimeoutError
  stack='TimeoutError: Timeout 15000ms exceeded.
    at ProgressController.run (C:\Users\SHRINI~1\AppData\Local\Temp\playwright-java-17152706374326676191\package\lib\server\progress.js:76:26)
    at Frame.waitForSelector (C:\Users\SHRINI~1\AppData\Local\Temp\playwright-java-17152706374326676191\package\lib\server\frames.js:647:23)
    at FrameDispatcher.waitForSelector (C:\Users\SHRINI~1\AppData\Local\Temp\playwright-java-17152706374326676191\package\lib\server\dispatchers\frameDispatcher.js:82:116)
    at FrameDispatcher._handleCommand (C:\Users\SHRINI~1\AppData\Local\Temp\playwright-java-17152706374326676191\package\lib\server\dispatchers\dispatcher.js:94:40)
    at DispatcherConnection.dispatch (C:\Users\SHRINI~1\AppData\Local\Temp\playwright-java-17152706374326676191\package\lib\server\dispatchers\dispatcher.js:307:39)
}
Call log:
-   - waiting for locator("//input[@placeholder='Enter your name']") to be visible

at com.microsoft.playwright.impl.WaitableResult.get(WaitableResult.java:52)
at com.microsoft.playwright.impl.ChannelOwner.runUntil(ChannelOwner.java:132)
at com.microsoft.playwright.impl.Connection.sendMessage(Connection.java:130)
at com.microsoft.playwright.impl.ChannelOwner.sendMessage(ChannelOwner.java:118)
at com.microsoft.playwright.impl.FrameImpl.waitForSelectorImpl(FrameImpl.java:1060)
at com.microsoft.playwright.impl.FrameImpl.waitForSelectorImpl(FrameImpl.java:1050)
at com.microsoft.playwright.impl.PageImpl.lambda$waitForSelector$95(PageImpl.java:1590)
at com.microsoft.playwright.impl.LoggingSupport.withLogging(LoggingSupport.java:47)
at com.microsoft.playwright.impl.ChannelOwner.withLogging(ChannelOwner.java:97)
at com.microsoft.playwright.impl.PageImpl.waitForSelector(PageImpl.java:1589)
at signUp.addAllUser.verifySuccessfulSignup(addAllUser.java:37)
at java.base/jdk.internal.reflect.DirectMethodHandleAccessor.invoke(DirectMethodHandleAccessor.java:103)
at java.base/java.lang.reflect.Method.invoke(Method.java:580)
at org.testng.internal.invokers.MethodInvocationHelper.invokeMethod(MethodInvocationHelper.java:141)
at org.testng.internal.invokers.TestInvoker.invokeMethod(TestInvoker.java:687)
at org.testng.internal.invokers.TestInvoker.invokeTestMethod(TestInvoker.java:230)
at org.testng.internal.invokers.MethodRunner.runInSequence(MethodRunner.java:63)
at org.testng.internal.invokers.TestInvoker$MethodInvocationAgent.invoke(TestInvoker.java:995)
at org.testng.internal.invokers.TestInvoker.invokeTestMethods(TestInvoker.java:203)
at org.testng.internal.invokers.TestMethodWorker.invokeTestMethods(TestMethodWorker.java:154)
at org.testng.internal.invokers.TestMethodWorker.run(TestMethodWorker.java:134)
at java.base/java.util.concurrent.Executors$RunnableAdapter.call(Executors.java:572)
at java.base/java.util.concurrent.FutureTask.run(FutureTask.java:317)
at org.testng.internal.thread.graph.TestNGFutureTask.run(TestNGFutureTask.java:22)
at java.base/java.util.concurrent.ThreadPoolExecutor.runWorker(ThreadPoolExecutor.java:1144)
at java.base/java.util.concurrent.ThreadPoolExecutor$Worker.run(ThreadPoolExecutor.java:642)
at java.base/java.lang.Thread.run(Thread.java:1583)
Caused by: com.microsoft.playwright.TimeoutError: Error {
  message='Timeout 15000ms exceeded.
  name='TimeoutError
  stack='TimeoutError: Timeout 15000ms exceeded.
    at ProgressController.run (C:\Users\SHRINI~1\AppData\Local\Temp\playwright-java-17152706374326676191\package\lib\server\progress.js:76:26)
    at Frame.waitForSelector (C:\Users\SHRINI~1\AppData\Local\Temp\playwright-java-17152706374326676191\package\lib\server\frames.js:647:23)
    at FrameDispatcher.waitForSelector (C:\Users\SHRINI~1\AppData\Local\Temp\playwright-java-17152706374326676191\package\lib\server\dispatchers\frameDispatcher.js:82:116)
    at FrameDispatcher._handleCommand (C:\Users\SHRINI~1\AppData\Local\Temp\playwright-java-17152706374326676191\package\lib\server\dispatchers\dispatcher.js:94:40)
    at DispatcherConnection.dispatch (C:\Users\SHRINI~1\AppData\Local\Temp\playwright-java-17152706374326676191\package\lib\server\dispatchers\dispatcher.js:307:39)
}
Call log:
-   - waiting for locator("//input[@placeholder='Enter your name']") to be visible

at com.microsoft.playwright.impl.Connection.dispatch(Connection.java:254)
at com.microsoft.playwright.impl.Connection.processOneMessage(Connection.java:211)
at com.microsoft.playwright.impl.ChannelOwner.runUntil(ChannelOwner.java:130)
... 25 more
]]>
    </error>
  </testcase> <!-- verifySuccessfulSignup -->
  <testcase classname="signUp.addAllUser" name="verifySuccessfulSignup" time="18.728">
    <error message="Error {
  message=&#039;Timeout 15000ms exceeded.
  name=&#039;TimeoutError
  stack=&#039;TimeoutError: Timeout 15000ms exceeded.
    at ProgressController.run (C:\Users\SHRINI~1\AppData\Local\Temp\playwright-java-17152706374326676191\package\lib\server\progress.js:76:26)
    at Frame.waitForSelector (C:\Users\SHRINI~1\AppData\Local\Temp\playwright-java-17152706374326676191\package\lib\server\frames.js:647:23)
    at FrameDispatcher.waitForSelector (C:\Users\SHRINI~1\AppData\Local\Temp\playwright-java-17152706374326676191\package\lib\server\dispatchers\frameDispatcher.js:82:116)
    at FrameDispatcher._handleCommand (C:\Users\SHRINI~1\AppData\Local\Temp\playwright-java-17152706374326676191\package\lib\server\dispatchers\dispatcher.js:94:40)
    at DispatcherConnection.dispatch (C:\Users\SHRINI~1\AppData\Local\Temp\playwright-java-17152706374326676191\package\lib\server\dispatchers\dispatcher.js:307:39)
}
Call log:
-   - waiting for locator(&quot;//input[@placeholder=&#039;Enter your name&#039;]&quot;) to be visible
" type="com.microsoft.playwright.TimeoutError">
      <![CDATA[com.microsoft.playwright.TimeoutError: Error {
  message='Timeout 15000ms exceeded.
  name='TimeoutError
  stack='TimeoutError: Timeout 15000ms exceeded.
    at ProgressController.run (C:\Users\SHRINI~1\AppData\Local\Temp\playwright-java-17152706374326676191\package\lib\server\progress.js:76:26)
    at Frame.waitForSelector (C:\Users\SHRINI~1\AppData\Local\Temp\playwright-java-17152706374326676191\package\lib\server\frames.js:647:23)
    at FrameDispatcher.waitForSelector (C:\Users\SHRINI~1\AppData\Local\Temp\playwright-java-17152706374326676191\package\lib\server\dispatchers\frameDispatcher.js:82:116)
    at FrameDispatcher._handleCommand (C:\Users\SHRINI~1\AppData\Local\Temp\playwright-java-17152706374326676191\package\lib\server\dispatchers\dispatcher.js:94:40)
    at DispatcherConnection.dispatch (C:\Users\SHRINI~1\AppData\Local\Temp\playwright-java-17152706374326676191\package\lib\server\dispatchers\dispatcher.js:307:39)
}
Call log:
-   - waiting for locator("//input[@placeholder='Enter your name']") to be visible

at com.microsoft.playwright.impl.WaitableResult.get(WaitableResult.java:52)
at com.microsoft.playwright.impl.ChannelOwner.runUntil(ChannelOwner.java:132)
at com.microsoft.playwright.impl.Connection.sendMessage(Connection.java:130)
at com.microsoft.playwright.impl.ChannelOwner.sendMessage(ChannelOwner.java:118)
at com.microsoft.playwright.impl.FrameImpl.waitForSelectorImpl(FrameImpl.java:1060)
at com.microsoft.playwright.impl.FrameImpl.waitForSelectorImpl(FrameImpl.java:1050)
at com.microsoft.playwright.impl.PageImpl.lambda$waitForSelector$95(PageImpl.java:1590)
at com.microsoft.playwright.impl.LoggingSupport.withLogging(LoggingSupport.java:47)
at com.microsoft.playwright.impl.ChannelOwner.withLogging(ChannelOwner.java:97)
at com.microsoft.playwright.impl.PageImpl.waitForSelector(PageImpl.java:1589)
at signUp.addAllUser.verifySuccessfulSignup(addAllUser.java:37)
at java.base/jdk.internal.reflect.DirectMethodHandleAccessor.invoke(DirectMethodHandleAccessor.java:103)
at java.base/java.lang.reflect.Method.invoke(Method.java:580)
at org.testng.internal.invokers.MethodInvocationHelper.invokeMethod(MethodInvocationHelper.java:141)
at org.testng.internal.invokers.TestInvoker.invokeMethod(TestInvoker.java:687)
at org.testng.internal.invokers.TestInvoker.invokeTestMethod(TestInvoker.java:230)
at org.testng.internal.invokers.MethodRunner.runInSequence(MethodRunner.java:63)
at org.testng.internal.invokers.TestInvoker$MethodInvocationAgent.invoke(TestInvoker.java:995)
at org.testng.internal.invokers.TestInvoker.invokeTestMethods(TestInvoker.java:203)
at org.testng.internal.invokers.TestMethodWorker.invokeTestMethods(TestMethodWorker.java:154)
at org.testng.internal.invokers.TestMethodWorker.run(TestMethodWorker.java:134)
at java.base/java.util.concurrent.Executors$RunnableAdapter.call(Executors.java:572)
at java.base/java.util.concurrent.FutureTask.run(FutureTask.java:317)
at org.testng.internal.thread.graph.TestNGFutureTask.run(TestNGFutureTask.java:22)
at java.base/java.util.concurrent.ThreadPoolExecutor.runWorker(ThreadPoolExecutor.java:1144)
at java.base/java.util.concurrent.ThreadPoolExecutor$Worker.run(ThreadPoolExecutor.java:642)
at java.base/java.lang.Thread.run(Thread.java:1583)
Caused by: com.microsoft.playwright.TimeoutError: Error {
  message='Timeout 15000ms exceeded.
  name='TimeoutError
  stack='TimeoutError: Timeout 15000ms exceeded.
    at ProgressController.run (C:\Users\SHRINI~1\AppData\Local\Temp\playwright-java-17152706374326676191\package\lib\server\progress.js:76:26)
    at Frame.waitForSelector (C:\Users\SHRINI~1\AppData\Local\Temp\playwright-java-17152706374326676191\package\lib\server\frames.js:647:23)
    at FrameDispatcher.waitForSelector (C:\Users\SHRINI~1\AppData\Local\Temp\playwright-java-17152706374326676191\package\lib\server\dispatchers\frameDispatcher.js:82:116)
    at FrameDispatcher._handleCommand (C:\Users\SHRINI~1\AppData\Local\Temp\playwright-java-17152706374326676191\package\lib\server\dispatchers\dispatcher.js:94:40)
    at DispatcherConnection.dispatch (C:\Users\SHRINI~1\AppData\Local\Temp\playwright-java-17152706374326676191\package\lib\server\dispatchers\dispatcher.js:307:39)
}
Call log:
-   - waiting for locator("//input[@placeholder='Enter your name']") to be visible

at com.microsoft.playwright.impl.Connection.dispatch(Connection.java:254)
at com.microsoft.playwright.impl.Connection.processOneMessage(Connection.java:211)
at com.microsoft.playwright.impl.ChannelOwner.runUntil(ChannelOwner.java:130)
... 25 more
]]>
    </error>
  </testcase> <!-- verifySuccessfulSignup -->
  <testcase classname="signUp.addAllUser" name="verifySuccessfulSignup" time="19.066">
    <error message="Error {
  message=&#039;Timeout 15000ms exceeded.
  name=&#039;TimeoutError
  stack=&#039;TimeoutError: Timeout 15000ms exceeded.
    at ProgressController.run (C:\Users\SHRINI~1\AppData\Local\Temp\playwright-java-17152706374326676191\package\lib\server\progress.js:76:26)
    at Frame.waitForSelector (C:\Users\SHRINI~1\AppData\Local\Temp\playwright-java-17152706374326676191\package\lib\server\frames.js:647:23)
    at FrameDispatcher.waitForSelector (C:\Users\SHRINI~1\AppData\Local\Temp\playwright-java-17152706374326676191\package\lib\server\dispatchers\frameDispatcher.js:82:116)
    at FrameDispatcher._handleCommand (C:\Users\SHRINI~1\AppData\Local\Temp\playwright-java-17152706374326676191\package\lib\server\dispatchers\dispatcher.js:94:40)
    at DispatcherConnection.dispatch (C:\Users\SHRINI~1\AppData\Local\Temp\playwright-java-17152706374326676191\package\lib\server\dispatchers\dispatcher.js:307:39)
}
Call log:
-   - waiting for locator(&quot;//input[@placeholder=&#039;Enter your name&#039;]&quot;) to be visible
" type="com.microsoft.playwright.TimeoutError">
      <![CDATA[com.microsoft.playwright.TimeoutError: Error {
  message='Timeout 15000ms exceeded.
  name='TimeoutError
  stack='TimeoutError: Timeout 15000ms exceeded.
    at ProgressController.run (C:\Users\SHRINI~1\AppData\Local\Temp\playwright-java-17152706374326676191\package\lib\server\progress.js:76:26)
    at Frame.waitForSelector (C:\Users\SHRINI~1\AppData\Local\Temp\playwright-java-17152706374326676191\package\lib\server\frames.js:647:23)
    at FrameDispatcher.waitForSelector (C:\Users\SHRINI~1\AppData\Local\Temp\playwright-java-17152706374326676191\package\lib\server\dispatchers\frameDispatcher.js:82:116)
    at FrameDispatcher._handleCommand (C:\Users\SHRINI~1\AppData\Local\Temp\playwright-java-17152706374326676191\package\lib\server\dispatchers\dispatcher.js:94:40)
    at DispatcherConnection.dispatch (C:\Users\SHRINI~1\AppData\Local\Temp\playwright-java-17152706374326676191\package\lib\server\dispatchers\dispatcher.js:307:39)
}
Call log:
-   - waiting for locator("//input[@placeholder='Enter your name']") to be visible

at com.microsoft.playwright.impl.WaitableResult.get(WaitableResult.java:52)
at com.microsoft.playwright.impl.ChannelOwner.runUntil(ChannelOwner.java:132)
at com.microsoft.playwright.impl.Connection.sendMessage(Connection.java:130)
at com.microsoft.playwright.impl.ChannelOwner.sendMessage(ChannelOwner.java:118)
at com.microsoft.playwright.impl.FrameImpl.waitForSelectorImpl(FrameImpl.java:1060)
at com.microsoft.playwright.impl.FrameImpl.waitForSelectorImpl(FrameImpl.java:1050)
at com.microsoft.playwright.impl.PageImpl.lambda$waitForSelector$95(PageImpl.java:1590)
at com.microsoft.playwright.impl.LoggingSupport.withLogging(LoggingSupport.java:47)
at com.microsoft.playwright.impl.ChannelOwner.withLogging(ChannelOwner.java:97)
at com.microsoft.playwright.impl.PageImpl.waitForSelector(PageImpl.java:1589)
at signUp.addAllUser.verifySuccessfulSignup(addAllUser.java:37)
at java.base/jdk.internal.reflect.DirectMethodHandleAccessor.invoke(DirectMethodHandleAccessor.java:103)
at java.base/java.lang.reflect.Method.invoke(Method.java:580)
at org.testng.internal.invokers.MethodInvocationHelper.invokeMethod(MethodInvocationHelper.java:141)
at org.testng.internal.invokers.TestInvoker.invokeMethod(TestInvoker.java:687)
at org.testng.internal.invokers.TestInvoker.invokeTestMethod(TestInvoker.java:230)
at org.testng.internal.invokers.MethodRunner.runInSequence(MethodRunner.java:63)
at org.testng.internal.invokers.TestInvoker$MethodInvocationAgent.invoke(TestInvoker.java:995)
at org.testng.internal.invokers.TestInvoker.invokeTestMethods(TestInvoker.java:203)
at org.testng.internal.invokers.TestMethodWorker.invokeTestMethods(TestMethodWorker.java:154)
at org.testng.internal.invokers.TestMethodWorker.run(TestMethodWorker.java:134)
at java.base/java.util.concurrent.Executors$RunnableAdapter.call(Executors.java:572)
at java.base/java.util.concurrent.FutureTask.run(FutureTask.java:317)
at org.testng.internal.thread.graph.TestNGFutureTask.run(TestNGFutureTask.java:22)
at java.base/java.util.concurrent.ThreadPoolExecutor.runWorker(ThreadPoolExecutor.java:1144)
at java.base/java.util.concurrent.ThreadPoolExecutor$Worker.run(ThreadPoolExecutor.java:642)
at java.base/java.lang.Thread.run(Thread.java:1583)
Caused by: com.microsoft.playwright.TimeoutError: Error {
  message='Timeout 15000ms exceeded.
  name='TimeoutError
  stack='TimeoutError: Timeout 15000ms exceeded.
    at ProgressController.run (C:\Users\SHRINI~1\AppData\Local\Temp\playwright-java-17152706374326676191\package\lib\server\progress.js:76:26)
    at Frame.waitForSelector (C:\Users\SHRINI~1\AppData\Local\Temp\playwright-java-17152706374326676191\package\lib\server\frames.js:647:23)
    at FrameDispatcher.waitForSelector (C:\Users\SHRINI~1\AppData\Local\Temp\playwright-java-17152706374326676191\package\lib\server\dispatchers\frameDispatcher.js:82:116)
    at FrameDispatcher._handleCommand (C:\Users\SHRINI~1\AppData\Local\Temp\playwright-java-17152706374326676191\package\lib\server\dispatchers\dispatcher.js:94:40)
    at DispatcherConnection.dispatch (C:\Users\SHRINI~1\AppData\Local\Temp\playwright-java-17152706374326676191\package\lib\server\dispatchers\dispatcher.js:307:39)
}
Call log:
-   - waiting for locator("//input[@placeholder='Enter your name']") to be visible

at com.microsoft.playwright.impl.Connection.dispatch(Connection.java:254)
at com.microsoft.playwright.impl.Connection.processOneMessage(Connection.java:211)
at com.microsoft.playwright.impl.ChannelOwner.runUntil(ChannelOwner.java:130)
... 25 more
]]>
    </error>
  </testcase> <!-- verifySuccessfulSignup -->
  <testcase classname="signUp.addAllUser" name="verifySuccessfulSignup" time="19.061">
    <error message="Error {
  message=&#039;Timeout 15000ms exceeded.
  name=&#039;TimeoutError
  stack=&#039;TimeoutError: Timeout 15000ms exceeded.
    at ProgressController.run (C:\Users\SHRINI~1\AppData\Local\Temp\playwright-java-17152706374326676191\package\lib\server\progress.js:76:26)
    at Frame.waitForSelector (C:\Users\SHRINI~1\AppData\Local\Temp\playwright-java-17152706374326676191\package\lib\server\frames.js:647:23)
    at FrameDispatcher.waitForSelector (C:\Users\SHRINI~1\AppData\Local\Temp\playwright-java-17152706374326676191\package\lib\server\dispatchers\frameDispatcher.js:82:116)
    at FrameDispatcher._handleCommand (C:\Users\SHRINI~1\AppData\Local\Temp\playwright-java-17152706374326676191\package\lib\server\dispatchers\dispatcher.js:94:40)
    at DispatcherConnection.dispatch (C:\Users\SHRINI~1\AppData\Local\Temp\playwright-java-17152706374326676191\package\lib\server\dispatchers\dispatcher.js:307:39)
}
Call log:
-   - waiting for locator(&quot;//input[@placeholder=&#039;Enter your name&#039;]&quot;) to be visible
" type="com.microsoft.playwright.TimeoutError">
      <![CDATA[com.microsoft.playwright.TimeoutError: Error {
  message='Timeout 15000ms exceeded.
  name='TimeoutError
  stack='TimeoutError: Timeout 15000ms exceeded.
    at ProgressController.run (C:\Users\SHRINI~1\AppData\Local\Temp\playwright-java-17152706374326676191\package\lib\server\progress.js:76:26)
    at Frame.waitForSelector (C:\Users\SHRINI~1\AppData\Local\Temp\playwright-java-17152706374326676191\package\lib\server\frames.js:647:23)
    at FrameDispatcher.waitForSelector (C:\Users\SHRINI~1\AppData\Local\Temp\playwright-java-17152706374326676191\package\lib\server\dispatchers\frameDispatcher.js:82:116)
    at FrameDispatcher._handleCommand (C:\Users\SHRINI~1\AppData\Local\Temp\playwright-java-17152706374326676191\package\lib\server\dispatchers\dispatcher.js:94:40)
    at DispatcherConnection.dispatch (C:\Users\SHRINI~1\AppData\Local\Temp\playwright-java-17152706374326676191\package\lib\server\dispatchers\dispatcher.js:307:39)
}
Call log:
-   - waiting for locator("//input[@placeholder='Enter your name']") to be visible

at com.microsoft.playwright.impl.WaitableResult.get(WaitableResult.java:52)
at com.microsoft.playwright.impl.ChannelOwner.runUntil(ChannelOwner.java:132)
at com.microsoft.playwright.impl.Connection.sendMessage(Connection.java:130)
at com.microsoft.playwright.impl.ChannelOwner.sendMessage(ChannelOwner.java:118)
at com.microsoft.playwright.impl.FrameImpl.waitForSelectorImpl(FrameImpl.java:1060)
at com.microsoft.playwright.impl.FrameImpl.waitForSelectorImpl(FrameImpl.java:1050)
at com.microsoft.playwright.impl.PageImpl.lambda$waitForSelector$95(PageImpl.java:1590)
at com.microsoft.playwright.impl.LoggingSupport.withLogging(LoggingSupport.java:47)
at com.microsoft.playwright.impl.ChannelOwner.withLogging(ChannelOwner.java:97)
at com.microsoft.playwright.impl.PageImpl.waitForSelector(PageImpl.java:1589)
at signUp.addAllUser.verifySuccessfulSignup(addAllUser.java:37)
at java.base/jdk.internal.reflect.DirectMethodHandleAccessor.invoke(DirectMethodHandleAccessor.java:103)
at java.base/java.lang.reflect.Method.invoke(Method.java:580)
at org.testng.internal.invokers.MethodInvocationHelper.invokeMethod(MethodInvocationHelper.java:141)
at org.testng.internal.invokers.TestInvoker.invokeMethod(TestInvoker.java:687)
at org.testng.internal.invokers.TestInvoker.invokeTestMethod(TestInvoker.java:230)
at org.testng.internal.invokers.MethodRunner.runInSequence(MethodRunner.java:63)
at org.testng.internal.invokers.TestInvoker$MethodInvocationAgent.invoke(TestInvoker.java:995)
at org.testng.internal.invokers.TestInvoker.invokeTestMethods(TestInvoker.java:203)
at org.testng.internal.invokers.TestMethodWorker.invokeTestMethods(TestMethodWorker.java:154)
at org.testng.internal.invokers.TestMethodWorker.run(TestMethodWorker.java:134)
at java.base/java.util.concurrent.Executors$RunnableAdapter.call(Executors.java:572)
at java.base/java.util.concurrent.FutureTask.run(FutureTask.java:317)
at org.testng.internal.thread.graph.TestNGFutureTask.run(TestNGFutureTask.java:22)
at java.base/java.util.concurrent.ThreadPoolExecutor.runWorker(ThreadPoolExecutor.java:1144)
at java.base/java.util.concurrent.ThreadPoolExecutor$Worker.run(ThreadPoolExecutor.java:642)
at java.base/java.lang.Thread.run(Thread.java:1583)
Caused by: com.microsoft.playwright.TimeoutError: Error {
  message='Timeout 15000ms exceeded.
  name='TimeoutError
  stack='TimeoutError: Timeout 15000ms exceeded.
    at ProgressController.run (C:\Users\SHRINI~1\AppData\Local\Temp\playwright-java-17152706374326676191\package\lib\server\progress.js:76:26)
    at Frame.waitForSelector (C:\Users\SHRINI~1\AppData\Local\Temp\playwright-java-17152706374326676191\package\lib\server\frames.js:647:23)
    at FrameDispatcher.waitForSelector (C:\Users\SHRINI~1\AppData\Local\Temp\playwright-java-17152706374326676191\package\lib\server\dispatchers\frameDispatcher.js:82:116)
    at FrameDispatcher._handleCommand (C:\Users\SHRINI~1\AppData\Local\Temp\playwright-java-17152706374326676191\package\lib\server\dispatchers\dispatcher.js:94:40)
    at DispatcherConnection.dispatch (C:\Users\SHRINI~1\AppData\Local\Temp\playwright-java-17152706374326676191\package\lib\server\dispatchers\dispatcher.js:307:39)
}
Call log:
-   - waiting for locator("//input[@placeholder='Enter your name']") to be visible

at com.microsoft.playwright.impl.Connection.dispatch(Connection.java:254)
at com.microsoft.playwright.impl.Connection.processOneMessage(Connection.java:211)
at com.microsoft.playwright.impl.ChannelOwner.runUntil(ChannelOwner.java:130)
... 25 more
]]>
    </error>
  </testcase> <!-- verifySuccessfulSignup -->
  <testcase classname="signUp.addAllUser" name="verifySuccessfulSignup" time="19.182">
    <error message="Error {
  message=&#039;Timeout 15000ms exceeded.
  name=&#039;TimeoutError
  stack=&#039;TimeoutError: Timeout 15000ms exceeded.
    at ProgressController.run (C:\Users\SHRINI~1\AppData\Local\Temp\playwright-java-17152706374326676191\package\lib\server\progress.js:76:26)
    at Frame.waitForSelector (C:\Users\SHRINI~1\AppData\Local\Temp\playwright-java-17152706374326676191\package\lib\server\frames.js:647:23)
    at FrameDispatcher.waitForSelector (C:\Users\SHRINI~1\AppData\Local\Temp\playwright-java-17152706374326676191\package\lib\server\dispatchers\frameDispatcher.js:82:116)
    at FrameDispatcher._handleCommand (C:\Users\SHRINI~1\AppData\Local\Temp\playwright-java-17152706374326676191\package\lib\server\dispatchers\dispatcher.js:94:40)
    at DispatcherConnection.dispatch (C:\Users\SHRINI~1\AppData\Local\Temp\playwright-java-17152706374326676191\package\lib\server\dispatchers\dispatcher.js:307:39)
}
Call log:
-   - waiting for locator(&quot;//input[@placeholder=&#039;Enter your name&#039;]&quot;) to be visible
" type="com.microsoft.playwright.TimeoutError">
      <![CDATA[com.microsoft.playwright.TimeoutError: Error {
  message='Timeout 15000ms exceeded.
  name='TimeoutError
  stack='TimeoutError: Timeout 15000ms exceeded.
    at ProgressController.run (C:\Users\SHRINI~1\AppData\Local\Temp\playwright-java-17152706374326676191\package\lib\server\progress.js:76:26)
    at Frame.waitForSelector (C:\Users\SHRINI~1\AppData\Local\Temp\playwright-java-17152706374326676191\package\lib\server\frames.js:647:23)
    at FrameDispatcher.waitForSelector (C:\Users\SHRINI~1\AppData\Local\Temp\playwright-java-17152706374326676191\package\lib\server\dispatchers\frameDispatcher.js:82:116)
    at FrameDispatcher._handleCommand (C:\Users\SHRINI~1\AppData\Local\Temp\playwright-java-17152706374326676191\package\lib\server\dispatchers\dispatcher.js:94:40)
    at DispatcherConnection.dispatch (C:\Users\SHRINI~1\AppData\Local\Temp\playwright-java-17152706374326676191\package\lib\server\dispatchers\dispatcher.js:307:39)
}
Call log:
-   - waiting for locator("//input[@placeholder='Enter your name']") to be visible

at com.microsoft.playwright.impl.WaitableResult.get(WaitableResult.java:52)
at com.microsoft.playwright.impl.ChannelOwner.runUntil(ChannelOwner.java:132)
at com.microsoft.playwright.impl.Connection.sendMessage(Connection.java:130)
at com.microsoft.playwright.impl.ChannelOwner.sendMessage(ChannelOwner.java:118)
at com.microsoft.playwright.impl.FrameImpl.waitForSelectorImpl(FrameImpl.java:1060)
at com.microsoft.playwright.impl.FrameImpl.waitForSelectorImpl(FrameImpl.java:1050)
at com.microsoft.playwright.impl.PageImpl.lambda$waitForSelector$95(PageImpl.java:1590)
at com.microsoft.playwright.impl.LoggingSupport.withLogging(LoggingSupport.java:47)
at com.microsoft.playwright.impl.ChannelOwner.withLogging(ChannelOwner.java:97)
at com.microsoft.playwright.impl.PageImpl.waitForSelector(PageImpl.java:1589)
at signUp.addAllUser.verifySuccessfulSignup(addAllUser.java:37)
at java.base/jdk.internal.reflect.DirectMethodHandleAccessor.invoke(DirectMethodHandleAccessor.java:103)
at java.base/java.lang.reflect.Method.invoke(Method.java:580)
at org.testng.internal.invokers.MethodInvocationHelper.invokeMethod(MethodInvocationHelper.java:141)
at org.testng.internal.invokers.TestInvoker.invokeMethod(TestInvoker.java:687)
at org.testng.internal.invokers.TestInvoker.invokeTestMethod(TestInvoker.java:230)
at org.testng.internal.invokers.MethodRunner.runInSequence(MethodRunner.java:63)
at org.testng.internal.invokers.TestInvoker$MethodInvocationAgent.invoke(TestInvoker.java:995)
at org.testng.internal.invokers.TestInvoker.invokeTestMethods(TestInvoker.java:203)
at org.testng.internal.invokers.TestMethodWorker.invokeTestMethods(TestMethodWorker.java:154)
at org.testng.internal.invokers.TestMethodWorker.run(TestMethodWorker.java:134)
at java.base/java.util.concurrent.Executors$RunnableAdapter.call(Executors.java:572)
at java.base/java.util.concurrent.FutureTask.run(FutureTask.java:317)
at org.testng.internal.thread.graph.TestNGFutureTask.run(TestNGFutureTask.java:22)
at java.base/java.util.concurrent.ThreadPoolExecutor.runWorker(ThreadPoolExecutor.java:1144)
at java.base/java.util.concurrent.ThreadPoolExecutor$Worker.run(ThreadPoolExecutor.java:642)
at java.base/java.lang.Thread.run(Thread.java:1583)
Caused by: com.microsoft.playwright.TimeoutError: Error {
  message='Timeout 15000ms exceeded.
  name='TimeoutError
  stack='TimeoutError: Timeout 15000ms exceeded.
    at ProgressController.run (C:\Users\SHRINI~1\AppData\Local\Temp\playwright-java-17152706374326676191\package\lib\server\progress.js:76:26)
    at Frame.waitForSelector (C:\Users\SHRINI~1\AppData\Local\Temp\playwright-java-17152706374326676191\package\lib\server\frames.js:647:23)
    at FrameDispatcher.waitForSelector (C:\Users\SHRINI~1\AppData\Local\Temp\playwright-java-17152706374326676191\package\lib\server\dispatchers\frameDispatcher.js:82:116)
    at FrameDispatcher._handleCommand (C:\Users\SHRINI~1\AppData\Local\Temp\playwright-java-17152706374326676191\package\lib\server\dispatchers\dispatcher.js:94:40)
    at DispatcherConnection.dispatch (C:\Users\SHRINI~1\AppData\Local\Temp\playwright-java-17152706374326676191\package\lib\server\dispatchers\dispatcher.js:307:39)
}
Call log:
-   - waiting for locator("//input[@placeholder='Enter your name']") to be visible

at com.microsoft.playwright.impl.Connection.dispatch(Connection.java:254)
at com.microsoft.playwright.impl.Connection.processOneMessage(Connection.java:211)
at com.microsoft.playwright.impl.ChannelOwner.runUntil(ChannelOwner.java:130)
... 25 more
]]>
    </error>
  </testcase> <!-- verifySuccessfulSignup -->
  <testcase classname="signUp.addAllUser" name="verifySuccessfulSignup" time="19.784">
    <error message="Error {
  message=&#039;Timeout 15000ms exceeded.
  name=&#039;TimeoutError
  stack=&#039;TimeoutError: Timeout 15000ms exceeded.
    at ProgressController.run (C:\Users\SHRINI~1\AppData\Local\Temp\playwright-java-17152706374326676191\package\lib\server\progress.js:76:26)
    at Frame.waitForSelector (C:\Users\SHRINI~1\AppData\Local\Temp\playwright-java-17152706374326676191\package\lib\server\frames.js:647:23)
    at FrameDispatcher.waitForSelector (C:\Users\SHRINI~1\AppData\Local\Temp\playwright-java-17152706374326676191\package\lib\server\dispatchers\frameDispatcher.js:82:116)
    at FrameDispatcher._handleCommand (C:\Users\SHRINI~1\AppData\Local\Temp\playwright-java-17152706374326676191\package\lib\server\dispatchers\dispatcher.js:94:40)
    at DispatcherConnection.dispatch (C:\Users\SHRINI~1\AppData\Local\Temp\playwright-java-17152706374326676191\package\lib\server\dispatchers\dispatcher.js:307:39)
}
Call log:
-   - waiting for locator(&quot;//input[@placeholder=&#039;Enter your name&#039;]&quot;) to be visible
" type="com.microsoft.playwright.TimeoutError">
      <![CDATA[com.microsoft.playwright.TimeoutError: Error {
  message='Timeout 15000ms exceeded.
  name='TimeoutError
  stack='TimeoutError: Timeout 15000ms exceeded.
    at ProgressController.run (C:\Users\SHRINI~1\AppData\Local\Temp\playwright-java-17152706374326676191\package\lib\server\progress.js:76:26)
    at Frame.waitForSelector (C:\Users\SHRINI~1\AppData\Local\Temp\playwright-java-17152706374326676191\package\lib\server\frames.js:647:23)
    at FrameDispatcher.waitForSelector (C:\Users\SHRINI~1\AppData\Local\Temp\playwright-java-17152706374326676191\package\lib\server\dispatchers\frameDispatcher.js:82:116)
    at FrameDispatcher._handleCommand (C:\Users\SHRINI~1\AppData\Local\Temp\playwright-java-17152706374326676191\package\lib\server\dispatchers\dispatcher.js:94:40)
    at DispatcherConnection.dispatch (C:\Users\SHRINI~1\AppData\Local\Temp\playwright-java-17152706374326676191\package\lib\server\dispatchers\dispatcher.js:307:39)
}
Call log:
-   - waiting for locator("//input[@placeholder='Enter your name']") to be visible

at com.microsoft.playwright.impl.WaitableResult.get(WaitableResult.java:52)
at com.microsoft.playwright.impl.ChannelOwner.runUntil(ChannelOwner.java:132)
at com.microsoft.playwright.impl.Connection.sendMessage(Connection.java:130)
at com.microsoft.playwright.impl.ChannelOwner.sendMessage(ChannelOwner.java:118)
at com.microsoft.playwright.impl.FrameImpl.waitForSelectorImpl(FrameImpl.java:1060)
at com.microsoft.playwright.impl.FrameImpl.waitForSelectorImpl(FrameImpl.java:1050)
at com.microsoft.playwright.impl.PageImpl.lambda$waitForSelector$95(PageImpl.java:1590)
at com.microsoft.playwright.impl.LoggingSupport.withLogging(LoggingSupport.java:47)
at com.microsoft.playwright.impl.ChannelOwner.withLogging(ChannelOwner.java:97)
at com.microsoft.playwright.impl.PageImpl.waitForSelector(PageImpl.java:1589)
at signUp.addAllUser.verifySuccessfulSignup(addAllUser.java:37)
at java.base/jdk.internal.reflect.DirectMethodHandleAccessor.invoke(DirectMethodHandleAccessor.java:103)
at java.base/java.lang.reflect.Method.invoke(Method.java:580)
at org.testng.internal.invokers.MethodInvocationHelper.invokeMethod(MethodInvocationHelper.java:141)
at org.testng.internal.invokers.TestInvoker.invokeMethod(TestInvoker.java:687)
at org.testng.internal.invokers.TestInvoker.invokeTestMethod(TestInvoker.java:230)
at org.testng.internal.invokers.MethodRunner.runInSequence(MethodRunner.java:63)
at org.testng.internal.invokers.TestInvoker$MethodInvocationAgent.invoke(TestInvoker.java:995)
at org.testng.internal.invokers.TestInvoker.invokeTestMethods(TestInvoker.java:203)
at org.testng.internal.invokers.TestMethodWorker.invokeTestMethods(TestMethodWorker.java:154)
at org.testng.internal.invokers.TestMethodWorker.run(TestMethodWorker.java:134)
at java.base/java.util.concurrent.Executors$RunnableAdapter.call(Executors.java:572)
at java.base/java.util.concurrent.FutureTask.run(FutureTask.java:317)
at org.testng.internal.thread.graph.TestNGFutureTask.run(TestNGFutureTask.java:22)
at java.base/java.util.concurrent.ThreadPoolExecutor.runWorker(ThreadPoolExecutor.java:1144)
at java.base/java.util.concurrent.ThreadPoolExecutor$Worker.run(ThreadPoolExecutor.java:642)
at java.base/java.lang.Thread.run(Thread.java:1583)
Caused by: com.microsoft.playwright.TimeoutError: Error {
  message='Timeout 15000ms exceeded.
  name='TimeoutError
  stack='TimeoutError: Timeout 15000ms exceeded.
    at ProgressController.run (C:\Users\SHRINI~1\AppData\Local\Temp\playwright-java-17152706374326676191\package\lib\server\progress.js:76:26)
    at Frame.waitForSelector (C:\Users\SHRINI~1\AppData\Local\Temp\playwright-java-17152706374326676191\package\lib\server\frames.js:647:23)
    at FrameDispatcher.waitForSelector (C:\Users\SHRINI~1\AppData\Local\Temp\playwright-java-17152706374326676191\package\lib\server\dispatchers\frameDispatcher.js:82:116)
    at FrameDispatcher._handleCommand (C:\Users\SHRINI~1\AppData\Local\Temp\playwright-java-17152706374326676191\package\lib\server\dispatchers\dispatcher.js:94:40)
    at DispatcherConnection.dispatch (C:\Users\SHRINI~1\AppData\Local\Temp\playwright-java-17152706374326676191\package\lib\server\dispatchers\dispatcher.js:307:39)
}
Call log:
-   - waiting for locator("//input[@placeholder='Enter your name']") to be visible

at com.microsoft.playwright.impl.Connection.dispatch(Connection.java:254)
at com.microsoft.playwright.impl.Connection.processOneMessage(Connection.java:211)
at com.microsoft.playwright.impl.ChannelOwner.runUntil(ChannelOwner.java:130)
... 25 more
]]>
    </error>
  </testcase> <!-- verifySuccessfulSignup -->
  <testcase classname="signUp.addAllUser" name="verifySuccessfulSignup" time="20.670">
    <error message="Error {
  message=&#039;Timeout 15000ms exceeded.
  name=&#039;TimeoutError
  stack=&#039;TimeoutError: Timeout 15000ms exceeded.
    at ProgressController.run (C:\Users\SHRINI~1\AppData\Local\Temp\playwright-java-17152706374326676191\package\lib\server\progress.js:76:26)
    at Frame.waitForSelector (C:\Users\SHRINI~1\AppData\Local\Temp\playwright-java-17152706374326676191\package\lib\server\frames.js:647:23)
    at FrameDispatcher.waitForSelector (C:\Users\SHRINI~1\AppData\Local\Temp\playwright-java-17152706374326676191\package\lib\server\dispatchers\frameDispatcher.js:82:116)
    at FrameDispatcher._handleCommand (C:\Users\SHRINI~1\AppData\Local\Temp\playwright-java-17152706374326676191\package\lib\server\dispatchers\dispatcher.js:94:40)
    at DispatcherConnection.dispatch (C:\Users\SHRINI~1\AppData\Local\Temp\playwright-java-17152706374326676191\package\lib\server\dispatchers\dispatcher.js:307:39)
}
Call log:
-   - waiting for locator(&quot;//input[@placeholder=&#039;Enter your name&#039;]&quot;) to be visible
" type="com.microsoft.playwright.TimeoutError">
      <![CDATA[com.microsoft.playwright.TimeoutError: Error {
  message='Timeout 15000ms exceeded.
  name='TimeoutError
  stack='TimeoutError: Timeout 15000ms exceeded.
    at ProgressController.run (C:\Users\SHRINI~1\AppData\Local\Temp\playwright-java-17152706374326676191\package\lib\server\progress.js:76:26)
    at Frame.waitForSelector (C:\Users\SHRINI~1\AppData\Local\Temp\playwright-java-17152706374326676191\package\lib\server\frames.js:647:23)
    at FrameDispatcher.waitForSelector (C:\Users\SHRINI~1\AppData\Local\Temp\playwright-java-17152706374326676191\package\lib\server\dispatchers\frameDispatcher.js:82:116)
    at FrameDispatcher._handleCommand (C:\Users\SHRINI~1\AppData\Local\Temp\playwright-java-17152706374326676191\package\lib\server\dispatchers\dispatcher.js:94:40)
    at DispatcherConnection.dispatch (C:\Users\SHRINI~1\AppData\Local\Temp\playwright-java-17152706374326676191\package\lib\server\dispatchers\dispatcher.js:307:39)
}
Call log:
-   - waiting for locator("//input[@placeholder='Enter your name']") to be visible

at com.microsoft.playwright.impl.WaitableResult.get(WaitableResult.java:52)
at com.microsoft.playwright.impl.ChannelOwner.runUntil(ChannelOwner.java:132)
at com.microsoft.playwright.impl.Connection.sendMessage(Connection.java:130)
at com.microsoft.playwright.impl.ChannelOwner.sendMessage(ChannelOwner.java:118)
at com.microsoft.playwright.impl.FrameImpl.waitForSelectorImpl(FrameImpl.java:1060)
at com.microsoft.playwright.impl.FrameImpl.waitForSelectorImpl(FrameImpl.java:1050)
at com.microsoft.playwright.impl.PageImpl.lambda$waitForSelector$95(PageImpl.java:1590)
at com.microsoft.playwright.impl.LoggingSupport.withLogging(LoggingSupport.java:47)
at com.microsoft.playwright.impl.ChannelOwner.withLogging(ChannelOwner.java:97)
at com.microsoft.playwright.impl.PageImpl.waitForSelector(PageImpl.java:1589)
at signUp.addAllUser.verifySuccessfulSignup(addAllUser.java:37)
at java.base/jdk.internal.reflect.DirectMethodHandleAccessor.invoke(DirectMethodHandleAccessor.java:103)
at java.base/java.lang.reflect.Method.invoke(Method.java:580)
at org.testng.internal.invokers.MethodInvocationHelper.invokeMethod(MethodInvocationHelper.java:141)
at org.testng.internal.invokers.TestInvoker.invokeMethod(TestInvoker.java:687)
at org.testng.internal.invokers.TestInvoker.invokeTestMethod(TestInvoker.java:230)
at org.testng.internal.invokers.MethodRunner.runInSequence(MethodRunner.java:63)
at org.testng.internal.invokers.TestInvoker$MethodInvocationAgent.invoke(TestInvoker.java:995)
at org.testng.internal.invokers.TestInvoker.invokeTestMethods(TestInvoker.java:203)
at org.testng.internal.invokers.TestMethodWorker.invokeTestMethods(TestMethodWorker.java:154)
at org.testng.internal.invokers.TestMethodWorker.run(TestMethodWorker.java:134)
at java.base/java.util.concurrent.Executors$RunnableAdapter.call(Executors.java:572)
at java.base/java.util.concurrent.FutureTask.run(FutureTask.java:317)
at org.testng.internal.thread.graph.TestNGFutureTask.run(TestNGFutureTask.java:22)
at java.base/java.util.concurrent.ThreadPoolExecutor.runWorker(ThreadPoolExecutor.java:1144)
at java.base/java.util.concurrent.ThreadPoolExecutor$Worker.run(ThreadPoolExecutor.java:642)
at java.base/java.lang.Thread.run(Thread.java:1583)
Caused by: com.microsoft.playwright.TimeoutError: Error {
  message='Timeout 15000ms exceeded.
  name='TimeoutError
  stack='TimeoutError: Timeout 15000ms exceeded.
    at ProgressController.run (C:\Users\SHRINI~1\AppData\Local\Temp\playwright-java-17152706374326676191\package\lib\server\progress.js:76:26)
    at Frame.waitForSelector (C:\Users\SHRINI~1\AppData\Local\Temp\playwright-java-17152706374326676191\package\lib\server\frames.js:647:23)
    at FrameDispatcher.waitForSelector (C:\Users\SHRINI~1\AppData\Local\Temp\playwright-java-17152706374326676191\package\lib\server\dispatchers\frameDispatcher.js:82:116)
    at FrameDispatcher._handleCommand (C:\Users\SHRINI~1\AppData\Local\Temp\playwright-java-17152706374326676191\package\lib\server\dispatchers\dispatcher.js:94:40)
    at DispatcherConnection.dispatch (C:\Users\SHRINI~1\AppData\Local\Temp\playwright-java-17152706374326676191\package\lib\server\dispatchers\dispatcher.js:307:39)
}
Call log:
-   - waiting for locator("//input[@placeholder='Enter your name']") to be visible

at com.microsoft.playwright.impl.Connection.dispatch(Connection.java:254)
at com.microsoft.playwright.impl.Connection.processOneMessage(Connection.java:211)
at com.microsoft.playwright.impl.ChannelOwner.runUntil(ChannelOwner.java:130)
... 25 more
]]>
    </error>
  </testcase> <!-- verifySuccessfulSignup -->
  <testcase classname="signUp.addAllUser" name="verifySuccessfulSignup" time="18.745">
    <error message="Error {
  message=&#039;Timeout 15000ms exceeded.
  name=&#039;TimeoutError
  stack=&#039;TimeoutError: Timeout 15000ms exceeded.
    at ProgressController.run (C:\Users\SHRINI~1\AppData\Local\Temp\playwright-java-17152706374326676191\package\lib\server\progress.js:76:26)
    at Frame.waitForSelector (C:\Users\SHRINI~1\AppData\Local\Temp\playwright-java-17152706374326676191\package\lib\server\frames.js:647:23)
    at FrameDispatcher.waitForSelector (C:\Users\SHRINI~1\AppData\Local\Temp\playwright-java-17152706374326676191\package\lib\server\dispatchers\frameDispatcher.js:82:116)
    at FrameDispatcher._handleCommand (C:\Users\SHRINI~1\AppData\Local\Temp\playwright-java-17152706374326676191\package\lib\server\dispatchers\dispatcher.js:94:40)
    at DispatcherConnection.dispatch (C:\Users\SHRINI~1\AppData\Local\Temp\playwright-java-17152706374326676191\package\lib\server\dispatchers\dispatcher.js:307:39)
}
Call log:
-   - waiting for locator(&quot;//input[@placeholder=&#039;Enter your name&#039;]&quot;) to be visible
" type="com.microsoft.playwright.TimeoutError">
      <![CDATA[com.microsoft.playwright.TimeoutError: Error {
  message='Timeout 15000ms exceeded.
  name='TimeoutError
  stack='TimeoutError: Timeout 15000ms exceeded.
    at ProgressController.run (C:\Users\SHRINI~1\AppData\Local\Temp\playwright-java-17152706374326676191\package\lib\server\progress.js:76:26)
    at Frame.waitForSelector (C:\Users\SHRINI~1\AppData\Local\Temp\playwright-java-17152706374326676191\package\lib\server\frames.js:647:23)
    at FrameDispatcher.waitForSelector (C:\Users\SHRINI~1\AppData\Local\Temp\playwright-java-17152706374326676191\package\lib\server\dispatchers\frameDispatcher.js:82:116)
    at FrameDispatcher._handleCommand (C:\Users\SHRINI~1\AppData\Local\Temp\playwright-java-17152706374326676191\package\lib\server\dispatchers\dispatcher.js:94:40)
    at DispatcherConnection.dispatch (C:\Users\SHRINI~1\AppData\Local\Temp\playwright-java-17152706374326676191\package\lib\server\dispatchers\dispatcher.js:307:39)
}
Call log:
-   - waiting for locator("//input[@placeholder='Enter your name']") to be visible

at com.microsoft.playwright.impl.WaitableResult.get(WaitableResult.java:52)
at com.microsoft.playwright.impl.ChannelOwner.runUntil(ChannelOwner.java:132)
at com.microsoft.playwright.impl.Connection.sendMessage(Connection.java:130)
at com.microsoft.playwright.impl.ChannelOwner.sendMessage(ChannelOwner.java:118)
at com.microsoft.playwright.impl.FrameImpl.waitForSelectorImpl(FrameImpl.java:1060)
at com.microsoft.playwright.impl.FrameImpl.waitForSelectorImpl(FrameImpl.java:1050)
at com.microsoft.playwright.impl.PageImpl.lambda$waitForSelector$95(PageImpl.java:1590)
at com.microsoft.playwright.impl.LoggingSupport.withLogging(LoggingSupport.java:47)
at com.microsoft.playwright.impl.ChannelOwner.withLogging(ChannelOwner.java:97)
at com.microsoft.playwright.impl.PageImpl.waitForSelector(PageImpl.java:1589)
at signUp.addAllUser.verifySuccessfulSignup(addAllUser.java:37)
at java.base/jdk.internal.reflect.DirectMethodHandleAccessor.invoke(DirectMethodHandleAccessor.java:103)
at java.base/java.lang.reflect.Method.invoke(Method.java:580)
at org.testng.internal.invokers.MethodInvocationHelper.invokeMethod(MethodInvocationHelper.java:141)
at org.testng.internal.invokers.TestInvoker.invokeMethod(TestInvoker.java:687)
at org.testng.internal.invokers.TestInvoker.invokeTestMethod(TestInvoker.java:230)
at org.testng.internal.invokers.MethodRunner.runInSequence(MethodRunner.java:63)
at org.testng.internal.invokers.TestInvoker$MethodInvocationAgent.invoke(TestInvoker.java:995)
at org.testng.internal.invokers.TestInvoker.invokeTestMethods(TestInvoker.java:203)
at org.testng.internal.invokers.TestMethodWorker.invokeTestMethods(TestMethodWorker.java:154)
at org.testng.internal.invokers.TestMethodWorker.run(TestMethodWorker.java:134)
at java.base/java.util.concurrent.Executors$RunnableAdapter.call(Executors.java:572)
at java.base/java.util.concurrent.FutureTask.run(FutureTask.java:317)
at org.testng.internal.thread.graph.TestNGFutureTask.run(TestNGFutureTask.java:22)
at java.base/java.util.concurrent.ThreadPoolExecutor.runWorker(ThreadPoolExecutor.java:1144)
at java.base/java.util.concurrent.ThreadPoolExecutor$Worker.run(ThreadPoolExecutor.java:642)
at java.base/java.lang.Thread.run(Thread.java:1583)
Caused by: com.microsoft.playwright.TimeoutError: Error {
  message='Timeout 15000ms exceeded.
  name='TimeoutError
  stack='TimeoutError: Timeout 15000ms exceeded.
    at ProgressController.run (C:\Users\SHRINI~1\AppData\Local\Temp\playwright-java-17152706374326676191\package\lib\server\progress.js:76:26)
    at Frame.waitForSelector (C:\Users\SHRINI~1\AppData\Local\Temp\playwright-java-17152706374326676191\package\lib\server\frames.js:647:23)
    at FrameDispatcher.waitForSelector (C:\Users\SHRINI~1\AppData\Local\Temp\playwright-java-17152706374326676191\package\lib\server\dispatchers\frameDispatcher.js:82:116)
    at FrameDispatcher._handleCommand (C:\Users\SHRINI~1\AppData\Local\Temp\playwright-java-17152706374326676191\package\lib\server\dispatchers\dispatcher.js:94:40)
    at DispatcherConnection.dispatch (C:\Users\SHRINI~1\AppData\Local\Temp\playwright-java-17152706374326676191\package\lib\server\dispatchers\dispatcher.js:307:39)
}
Call log:
-   - waiting for locator("//input[@placeholder='Enter your name']") to be visible

at com.microsoft.playwright.impl.Connection.dispatch(Connection.java:254)
at com.microsoft.playwright.impl.Connection.processOneMessage(Connection.java:211)
at com.microsoft.playwright.impl.ChannelOwner.runUntil(ChannelOwner.java:130)
... 25 more
]]>
    </error>
  </testcase> <!-- verifySuccessfulSignup -->
  <testcase classname="signUp.addAllUser" name="verifySuccessfulSignup" time="19.025">
    <error message="Error {
  message=&#039;Timeout 15000ms exceeded.
  name=&#039;TimeoutError
  stack=&#039;TimeoutError: Timeout 15000ms exceeded.
    at ProgressController.run (C:\Users\SHRINI~1\AppData\Local\Temp\playwright-java-17152706374326676191\package\lib\server\progress.js:76:26)
    at Frame.waitForSelector (C:\Users\SHRINI~1\AppData\Local\Temp\playwright-java-17152706374326676191\package\lib\server\frames.js:647:23)
    at FrameDispatcher.waitForSelector (C:\Users\SHRINI~1\AppData\Local\Temp\playwright-java-17152706374326676191\package\lib\server\dispatchers\frameDispatcher.js:82:116)
    at FrameDispatcher._handleCommand (C:\Users\SHRINI~1\AppData\Local\Temp\playwright-java-17152706374326676191\package\lib\server\dispatchers\dispatcher.js:94:40)
    at DispatcherConnection.dispatch (C:\Users\SHRINI~1\AppData\Local\Temp\playwright-java-17152706374326676191\package\lib\server\dispatchers\dispatcher.js:307:39)
}
Call log:
-   - waiting for locator(&quot;//input[@placeholder=&#039;Enter your name&#039;]&quot;) to be visible
" type="com.microsoft.playwright.TimeoutError">
      <![CDATA[com.microsoft.playwright.TimeoutError: Error {
  message='Timeout 15000ms exceeded.
  name='TimeoutError
  stack='TimeoutError: Timeout 15000ms exceeded.
    at ProgressController.run (C:\Users\SHRINI~1\AppData\Local\Temp\playwright-java-17152706374326676191\package\lib\server\progress.js:76:26)
    at Frame.waitForSelector (C:\Users\SHRINI~1\AppData\Local\Temp\playwright-java-17152706374326676191\package\lib\server\frames.js:647:23)
    at FrameDispatcher.waitForSelector (C:\Users\SHRINI~1\AppData\Local\Temp\playwright-java-17152706374326676191\package\lib\server\dispatchers\frameDispatcher.js:82:116)
    at FrameDispatcher._handleCommand (C:\Users\SHRINI~1\AppData\Local\Temp\playwright-java-17152706374326676191\package\lib\server\dispatchers\dispatcher.js:94:40)
    at DispatcherConnection.dispatch (C:\Users\SHRINI~1\AppData\Local\Temp\playwright-java-17152706374326676191\package\lib\server\dispatchers\dispatcher.js:307:39)
}
Call log:
-   - waiting for locator("//input[@placeholder='Enter your name']") to be visible

at com.microsoft.playwright.impl.WaitableResult.get(WaitableResult.java:52)
at com.microsoft.playwright.impl.ChannelOwner.runUntil(ChannelOwner.java:132)
at com.microsoft.playwright.impl.Connection.sendMessage(Connection.java:130)
at com.microsoft.playwright.impl.ChannelOwner.sendMessage(ChannelOwner.java:118)
at com.microsoft.playwright.impl.FrameImpl.waitForSelectorImpl(FrameImpl.java:1060)
at com.microsoft.playwright.impl.FrameImpl.waitForSelectorImpl(FrameImpl.java:1050)
at com.microsoft.playwright.impl.PageImpl.lambda$waitForSelector$95(PageImpl.java:1590)
at com.microsoft.playwright.impl.LoggingSupport.withLogging(LoggingSupport.java:47)
at com.microsoft.playwright.impl.ChannelOwner.withLogging(ChannelOwner.java:97)
at com.microsoft.playwright.impl.PageImpl.waitForSelector(PageImpl.java:1589)
at signUp.addAllUser.verifySuccessfulSignup(addAllUser.java:37)
at java.base/jdk.internal.reflect.DirectMethodHandleAccessor.invoke(DirectMethodHandleAccessor.java:103)
at java.base/java.lang.reflect.Method.invoke(Method.java:580)
at org.testng.internal.invokers.MethodInvocationHelper.invokeMethod(MethodInvocationHelper.java:141)
at org.testng.internal.invokers.TestInvoker.invokeMethod(TestInvoker.java:687)
at org.testng.internal.invokers.TestInvoker.invokeTestMethod(TestInvoker.java:230)
at org.testng.internal.invokers.MethodRunner.runInSequence(MethodRunner.java:63)
at org.testng.internal.invokers.TestInvoker$MethodInvocationAgent.invoke(TestInvoker.java:995)
at org.testng.internal.invokers.TestInvoker.invokeTestMethods(TestInvoker.java:203)
at org.testng.internal.invokers.TestMethodWorker.invokeTestMethods(TestMethodWorker.java:154)
at org.testng.internal.invokers.TestMethodWorker.run(TestMethodWorker.java:134)
at java.base/java.util.concurrent.Executors$RunnableAdapter.call(Executors.java:572)
at java.base/java.util.concurrent.FutureTask.run(FutureTask.java:317)
at org.testng.internal.thread.graph.TestNGFutureTask.run(TestNGFutureTask.java:22)
at java.base/java.util.concurrent.ThreadPoolExecutor.runWorker(ThreadPoolExecutor.java:1144)
at java.base/java.util.concurrent.ThreadPoolExecutor$Worker.run(ThreadPoolExecutor.java:642)
at java.base/java.lang.Thread.run(Thread.java:1583)
Caused by: com.microsoft.playwright.TimeoutError: Error {
  message='Timeout 15000ms exceeded.
  name='TimeoutError
  stack='TimeoutError: Timeout 15000ms exceeded.
    at ProgressController.run (C:\Users\SHRINI~1\AppData\Local\Temp\playwright-java-17152706374326676191\package\lib\server\progress.js:76:26)
    at Frame.waitForSelector (C:\Users\SHRINI~1\AppData\Local\Temp\playwright-java-17152706374326676191\package\lib\server\frames.js:647:23)
    at FrameDispatcher.waitForSelector (C:\Users\SHRINI~1\AppData\Local\Temp\playwright-java-17152706374326676191\package\lib\server\dispatchers\frameDispatcher.js:82:116)
    at FrameDispatcher._handleCommand (C:\Users\SHRINI~1\AppData\Local\Temp\playwright-java-17152706374326676191\package\lib\server\dispatchers\dispatcher.js:94:40)
    at DispatcherConnection.dispatch (C:\Users\SHRINI~1\AppData\Local\Temp\playwright-java-17152706374326676191\package\lib\server\dispatchers\dispatcher.js:307:39)
}
Call log:
-   - waiting for locator("//input[@placeholder='Enter your name']") to be visible

at com.microsoft.playwright.impl.Connection.dispatch(Connection.java:254)
at com.microsoft.playwright.impl.Connection.processOneMessage(Connection.java:211)
at com.microsoft.playwright.impl.ChannelOwner.runUntil(ChannelOwner.java:130)
... 25 more
]]>
    </error>
  </testcase> <!-- verifySuccessfulSignup -->
  <testcase classname="signUp.addAllUser" name="verifySuccessfulSignup" time="18.609">
    <error message="Error {
  message=&#039;Timeout 15000ms exceeded.
  name=&#039;TimeoutError
  stack=&#039;TimeoutError: Timeout 15000ms exceeded.
    at ProgressController.run (C:\Users\SHRINI~1\AppData\Local\Temp\playwright-java-17152706374326676191\package\lib\server\progress.js:76:26)
    at Frame.waitForSelector (C:\Users\SHRINI~1\AppData\Local\Temp\playwright-java-17152706374326676191\package\lib\server\frames.js:647:23)
    at FrameDispatcher.waitForSelector (C:\Users\SHRINI~1\AppData\Local\Temp\playwright-java-17152706374326676191\package\lib\server\dispatchers\frameDispatcher.js:82:116)
    at FrameDispatcher._handleCommand (C:\Users\SHRINI~1\AppData\Local\Temp\playwright-java-17152706374326676191\package\lib\server\dispatchers\dispatcher.js:94:40)
    at DispatcherConnection.dispatch (C:\Users\SHRINI~1\AppData\Local\Temp\playwright-java-17152706374326676191\package\lib\server\dispatchers\dispatcher.js:307:39)
}
Call log:
-   - waiting for locator(&quot;//input[@placeholder=&#039;Enter your name&#039;]&quot;) to be visible
" type="com.microsoft.playwright.TimeoutError">
      <![CDATA[com.microsoft.playwright.TimeoutError: Error {
  message='Timeout 15000ms exceeded.
  name='TimeoutError
  stack='TimeoutError: Timeout 15000ms exceeded.
    at ProgressController.run (C:\Users\SHRINI~1\AppData\Local\Temp\playwright-java-17152706374326676191\package\lib\server\progress.js:76:26)
    at Frame.waitForSelector (C:\Users\SHRINI~1\AppData\Local\Temp\playwright-java-17152706374326676191\package\lib\server\frames.js:647:23)
    at FrameDispatcher.waitForSelector (C:\Users\SHRINI~1\AppData\Local\Temp\playwright-java-17152706374326676191\package\lib\server\dispatchers\frameDispatcher.js:82:116)
    at FrameDispatcher._handleCommand (C:\Users\SHRINI~1\AppData\Local\Temp\playwright-java-17152706374326676191\package\lib\server\dispatchers\dispatcher.js:94:40)
    at DispatcherConnection.dispatch (C:\Users\SHRINI~1\AppData\Local\Temp\playwright-java-17152706374326676191\package\lib\server\dispatchers\dispatcher.js:307:39)
}
Call log:
-   - waiting for locator("//input[@placeholder='Enter your name']") to be visible

at com.microsoft.playwright.impl.WaitableResult.get(WaitableResult.java:52)
at com.microsoft.playwright.impl.ChannelOwner.runUntil(ChannelOwner.java:132)
at com.microsoft.playwright.impl.Connection.sendMessage(Connection.java:130)
at com.microsoft.playwright.impl.ChannelOwner.sendMessage(ChannelOwner.java:118)
at com.microsoft.playwright.impl.FrameImpl.waitForSelectorImpl(FrameImpl.java:1060)
at com.microsoft.playwright.impl.FrameImpl.waitForSelectorImpl(FrameImpl.java:1050)
at com.microsoft.playwright.impl.PageImpl.lambda$waitForSelector$95(PageImpl.java:1590)
at com.microsoft.playwright.impl.LoggingSupport.withLogging(LoggingSupport.java:47)
at com.microsoft.playwright.impl.ChannelOwner.withLogging(ChannelOwner.java:97)
at com.microsoft.playwright.impl.PageImpl.waitForSelector(PageImpl.java:1589)
at signUp.addAllUser.verifySuccessfulSignup(addAllUser.java:37)
at java.base/jdk.internal.reflect.DirectMethodHandleAccessor.invoke(DirectMethodHandleAccessor.java:103)
at java.base/java.lang.reflect.Method.invoke(Method.java:580)
at org.testng.internal.invokers.MethodInvocationHelper.invokeMethod(MethodInvocationHelper.java:141)
at org.testng.internal.invokers.TestInvoker.invokeMethod(TestInvoker.java:687)
at org.testng.internal.invokers.TestInvoker.invokeTestMethod(TestInvoker.java:230)
at org.testng.internal.invokers.MethodRunner.runInSequence(MethodRunner.java:63)
at org.testng.internal.invokers.TestInvoker$MethodInvocationAgent.invoke(TestInvoker.java:995)
at org.testng.internal.invokers.TestInvoker.invokeTestMethods(TestInvoker.java:203)
at org.testng.internal.invokers.TestMethodWorker.invokeTestMethods(TestMethodWorker.java:154)
at org.testng.internal.invokers.TestMethodWorker.run(TestMethodWorker.java:134)
at java.base/java.util.concurrent.Executors$RunnableAdapter.call(Executors.java:572)
at java.base/java.util.concurrent.FutureTask.run(FutureTask.java:317)
at org.testng.internal.thread.graph.TestNGFutureTask.run(TestNGFutureTask.java:22)
at java.base/java.util.concurrent.ThreadPoolExecutor.runWorker(ThreadPoolExecutor.java:1144)
at java.base/java.util.concurrent.ThreadPoolExecutor$Worker.run(ThreadPoolExecutor.java:642)
at java.base/java.lang.Thread.run(Thread.java:1583)
Caused by: com.microsoft.playwright.TimeoutError: Error {
  message='Timeout 15000ms exceeded.
  name='TimeoutError
  stack='TimeoutError: Timeout 15000ms exceeded.
    at ProgressController.run (C:\Users\SHRINI~1\AppData\Local\Temp\playwright-java-17152706374326676191\package\lib\server\progress.js:76:26)
    at Frame.waitForSelector (C:\Users\SHRINI~1\AppData\Local\Temp\playwright-java-17152706374326676191\package\lib\server\frames.js:647:23)
    at FrameDispatcher.waitForSelector (C:\Users\SHRINI~1\AppData\Local\Temp\playwright-java-17152706374326676191\package\lib\server\dispatchers\frameDispatcher.js:82:116)
    at FrameDispatcher._handleCommand (C:\Users\SHRINI~1\AppData\Local\Temp\playwright-java-17152706374326676191\package\lib\server\dispatchers\dispatcher.js:94:40)
    at DispatcherConnection.dispatch (C:\Users\SHRINI~1\AppData\Local\Temp\playwright-java-17152706374326676191\package\lib\server\dispatchers\dispatcher.js:307:39)
}
Call log:
-   - waiting for locator("//input[@placeholder='Enter your name']") to be visible

at com.microsoft.playwright.impl.Connection.dispatch(Connection.java:254)
at com.microsoft.playwright.impl.Connection.processOneMessage(Connection.java:211)
at com.microsoft.playwright.impl.ChannelOwner.runUntil(ChannelOwner.java:130)
... 25 more
]]>
    </error>
  </testcase> <!-- verifySuccessfulSignup -->
  <testcase classname="signUp.addAllUser" name="verifySuccessfulSignup" time="20.867">
    <error message="Error {
  message=&#039;Timeout 15000ms exceeded.
  name=&#039;TimeoutError
  stack=&#039;TimeoutError: Timeout 15000ms exceeded.
    at ProgressController.run (C:\Users\SHRINI~1\AppData\Local\Temp\playwright-java-17152706374326676191\package\lib\server\progress.js:76:26)
    at Frame.waitForSelector (C:\Users\SHRINI~1\AppData\Local\Temp\playwright-java-17152706374326676191\package\lib\server\frames.js:647:23)
    at FrameDispatcher.waitForSelector (C:\Users\SHRINI~1\AppData\Local\Temp\playwright-java-17152706374326676191\package\lib\server\dispatchers\frameDispatcher.js:82:116)
    at FrameDispatcher._handleCommand (C:\Users\SHRINI~1\AppData\Local\Temp\playwright-java-17152706374326676191\package\lib\server\dispatchers\dispatcher.js:94:40)
    at DispatcherConnection.dispatch (C:\Users\SHRINI~1\AppData\Local\Temp\playwright-java-17152706374326676191\package\lib\server\dispatchers\dispatcher.js:307:39)
}
Call log:
-   - waiting for locator(&quot;//input[@placeholder=&#039;Enter your name&#039;]&quot;) to be visible
" type="com.microsoft.playwright.TimeoutError">
      <![CDATA[com.microsoft.playwright.TimeoutError: Error {
  message='Timeout 15000ms exceeded.
  name='TimeoutError
  stack='TimeoutError: Timeout 15000ms exceeded.
    at ProgressController.run (C:\Users\SHRINI~1\AppData\Local\Temp\playwright-java-17152706374326676191\package\lib\server\progress.js:76:26)
    at Frame.waitForSelector (C:\Users\SHRINI~1\AppData\Local\Temp\playwright-java-17152706374326676191\package\lib\server\frames.js:647:23)
    at FrameDispatcher.waitForSelector (C:\Users\SHRINI~1\AppData\Local\Temp\playwright-java-17152706374326676191\package\lib\server\dispatchers\frameDispatcher.js:82:116)
    at FrameDispatcher._handleCommand (C:\Users\SHRINI~1\AppData\Local\Temp\playwright-java-17152706374326676191\package\lib\server\dispatchers\dispatcher.js:94:40)
    at DispatcherConnection.dispatch (C:\Users\SHRINI~1\AppData\Local\Temp\playwright-java-17152706374326676191\package\lib\server\dispatchers\dispatcher.js:307:39)
}
Call log:
-   - waiting for locator("//input[@placeholder='Enter your name']") to be visible

at com.microsoft.playwright.impl.WaitableResult.get(WaitableResult.java:52)
at com.microsoft.playwright.impl.ChannelOwner.runUntil(ChannelOwner.java:132)
at com.microsoft.playwright.impl.Connection.sendMessage(Connection.java:130)
at com.microsoft.playwright.impl.ChannelOwner.sendMessage(ChannelOwner.java:118)
at com.microsoft.playwright.impl.FrameImpl.waitForSelectorImpl(FrameImpl.java:1060)
at com.microsoft.playwright.impl.FrameImpl.waitForSelectorImpl(FrameImpl.java:1050)
at com.microsoft.playwright.impl.PageImpl.lambda$waitForSelector$95(PageImpl.java:1590)
at com.microsoft.playwright.impl.LoggingSupport.withLogging(LoggingSupport.java:47)
at com.microsoft.playwright.impl.ChannelOwner.withLogging(ChannelOwner.java:97)
at com.microsoft.playwright.impl.PageImpl.waitForSelector(PageImpl.java:1589)
at signUp.addAllUser.verifySuccessfulSignup(addAllUser.java:37)
at java.base/jdk.internal.reflect.DirectMethodHandleAccessor.invoke(DirectMethodHandleAccessor.java:103)
at java.base/java.lang.reflect.Method.invoke(Method.java:580)
at org.testng.internal.invokers.MethodInvocationHelper.invokeMethod(MethodInvocationHelper.java:141)
at org.testng.internal.invokers.TestInvoker.invokeMethod(TestInvoker.java:687)
at org.testng.internal.invokers.TestInvoker.invokeTestMethod(TestInvoker.java:230)
at org.testng.internal.invokers.MethodRunner.runInSequence(MethodRunner.java:63)
at org.testng.internal.invokers.TestInvoker$MethodInvocationAgent.invoke(TestInvoker.java:995)
at org.testng.internal.invokers.TestInvoker.invokeTestMethods(TestInvoker.java:203)
at org.testng.internal.invokers.TestMethodWorker.invokeTestMethods(TestMethodWorker.java:154)
at org.testng.internal.invokers.TestMethodWorker.run(TestMethodWorker.java:134)
at java.base/java.util.concurrent.Executors$RunnableAdapter.call(Executors.java:572)
at java.base/java.util.concurrent.FutureTask.run(FutureTask.java:317)
at org.testng.internal.thread.graph.TestNGFutureTask.run(TestNGFutureTask.java:22)
at java.base/java.util.concurrent.ThreadPoolExecutor.runWorker(ThreadPoolExecutor.java:1144)
at java.base/java.util.concurrent.ThreadPoolExecutor$Worker.run(ThreadPoolExecutor.java:642)
at java.base/java.lang.Thread.run(Thread.java:1583)
Caused by: com.microsoft.playwright.TimeoutError: Error {
  message='Timeout 15000ms exceeded.
  name='TimeoutError
  stack='TimeoutError: Timeout 15000ms exceeded.
    at ProgressController.run (C:\Users\SHRINI~1\AppData\Local\Temp\playwright-java-17152706374326676191\package\lib\server\progress.js:76:26)
    at Frame.waitForSelector (C:\Users\SHRINI~1\AppData\Local\Temp\playwright-java-17152706374326676191\package\lib\server\frames.js:647:23)
    at FrameDispatcher.waitForSelector (C:\Users\SHRINI~1\AppData\Local\Temp\playwright-java-17152706374326676191\package\lib\server\dispatchers\frameDispatcher.js:82:116)
    at FrameDispatcher._handleCommand (C:\Users\SHRINI~1\AppData\Local\Temp\playwright-java-17152706374326676191\package\lib\server\dispatchers\dispatcher.js:94:40)
    at DispatcherConnection.dispatch (C:\Users\SHRINI~1\AppData\Local\Temp\playwright-java-17152706374326676191\package\lib\server\dispatchers\dispatcher.js:307:39)
}
Call log:
-   - waiting for locator("//input[@placeholder='Enter your name']") to be visible

at com.microsoft.playwright.impl.Connection.dispatch(Connection.java:254)
at com.microsoft.playwright.impl.Connection.processOneMessage(Connection.java:211)
at com.microsoft.playwright.impl.ChannelOwner.runUntil(ChannelOwner.java:130)
... 25 more
]]>
    </error>
  </testcase> <!-- verifySuccessfulSignup -->
  <testcase classname="signUp.addAllUser" name="verifySuccessfulSignup" time="18.968">
    <error message="Error {
  message=&#039;Timeout 15000ms exceeded.
  name=&#039;TimeoutError
  stack=&#039;TimeoutError: Timeout 15000ms exceeded.
    at ProgressController.run (C:\Users\SHRINI~1\AppData\Local\Temp\playwright-java-17152706374326676191\package\lib\server\progress.js:76:26)
    at Frame.waitForSelector (C:\Users\SHRINI~1\AppData\Local\Temp\playwright-java-17152706374326676191\package\lib\server\frames.js:647:23)
    at FrameDispatcher.waitForSelector (C:\Users\SHRINI~1\AppData\Local\Temp\playwright-java-17152706374326676191\package\lib\server\dispatchers\frameDispatcher.js:82:116)
    at FrameDispatcher._handleCommand (C:\Users\SHRINI~1\AppData\Local\Temp\playwright-java-17152706374326676191\package\lib\server\dispatchers\dispatcher.js:94:40)
    at DispatcherConnection.dispatch (C:\Users\SHRINI~1\AppData\Local\Temp\playwright-java-17152706374326676191\package\lib\server\dispatchers\dispatcher.js:307:39)
}
Call log:
-   - waiting for locator(&quot;//input[@placeholder=&#039;Enter your name&#039;]&quot;) to be visible
" type="com.microsoft.playwright.TimeoutError">
      <![CDATA[com.microsoft.playwright.TimeoutError: Error {
  message='Timeout 15000ms exceeded.
  name='TimeoutError
  stack='TimeoutError: Timeout 15000ms exceeded.
    at ProgressController.run (C:\Users\SHRINI~1\AppData\Local\Temp\playwright-java-17152706374326676191\package\lib\server\progress.js:76:26)
    at Frame.waitForSelector (C:\Users\SHRINI~1\AppData\Local\Temp\playwright-java-17152706374326676191\package\lib\server\frames.js:647:23)
    at FrameDispatcher.waitForSelector (C:\Users\SHRINI~1\AppData\Local\Temp\playwright-java-17152706374326676191\package\lib\server\dispatchers\frameDispatcher.js:82:116)
    at FrameDispatcher._handleCommand (C:\Users\SHRINI~1\AppData\Local\Temp\playwright-java-17152706374326676191\package\lib\server\dispatchers\dispatcher.js:94:40)
    at DispatcherConnection.dispatch (C:\Users\SHRINI~1\AppData\Local\Temp\playwright-java-17152706374326676191\package\lib\server\dispatchers\dispatcher.js:307:39)
}
Call log:
-   - waiting for locator("//input[@placeholder='Enter your name']") to be visible

at com.microsoft.playwright.impl.WaitableResult.get(WaitableResult.java:52)
at com.microsoft.playwright.impl.ChannelOwner.runUntil(ChannelOwner.java:132)
at com.microsoft.playwright.impl.Connection.sendMessage(Connection.java:130)
at com.microsoft.playwright.impl.ChannelOwner.sendMessage(ChannelOwner.java:118)
at com.microsoft.playwright.impl.FrameImpl.waitForSelectorImpl(FrameImpl.java:1060)
at com.microsoft.playwright.impl.FrameImpl.waitForSelectorImpl(FrameImpl.java:1050)
at com.microsoft.playwright.impl.PageImpl.lambda$waitForSelector$95(PageImpl.java:1590)
at com.microsoft.playwright.impl.LoggingSupport.withLogging(LoggingSupport.java:47)
at com.microsoft.playwright.impl.ChannelOwner.withLogging(ChannelOwner.java:97)
at com.microsoft.playwright.impl.PageImpl.waitForSelector(PageImpl.java:1589)
at signUp.addAllUser.verifySuccessfulSignup(addAllUser.java:37)
at java.base/jdk.internal.reflect.DirectMethodHandleAccessor.invoke(DirectMethodHandleAccessor.java:103)
at java.base/java.lang.reflect.Method.invoke(Method.java:580)
at org.testng.internal.invokers.MethodInvocationHelper.invokeMethod(MethodInvocationHelper.java:141)
at org.testng.internal.invokers.TestInvoker.invokeMethod(TestInvoker.java:687)
at org.testng.internal.invokers.TestInvoker.invokeTestMethod(TestInvoker.java:230)
at org.testng.internal.invokers.MethodRunner.runInSequence(MethodRunner.java:63)
at org.testng.internal.invokers.TestInvoker$MethodInvocationAgent.invoke(TestInvoker.java:995)
at org.testng.internal.invokers.TestInvoker.invokeTestMethods(TestInvoker.java:203)
at org.testng.internal.invokers.TestMethodWorker.invokeTestMethods(TestMethodWorker.java:154)
at org.testng.internal.invokers.TestMethodWorker.run(TestMethodWorker.java:134)
at java.base/java.util.concurrent.Executors$RunnableAdapter.call(Executors.java:572)
at java.base/java.util.concurrent.FutureTask.run(FutureTask.java:317)
at org.testng.internal.thread.graph.TestNGFutureTask.run(TestNGFutureTask.java:22)
[...]
at org.testng.internal.invokers.MethodInvocationHelper.invokeMethod(MethodInvocationHelper.java:141)
at org.testng.internal.invokers.TestInvoker.invokeMethod(TestInvoker.java:687)
at org.testng.internal.invokers.TestInvoker.invokeTestMethod(TestInvoker.java:230)
at org.testng.internal.invokers.MethodRunner.runInSequence(MethodRunner.java:63)
at org.testng.internal.invokers.TestInvoker$MethodInvocationAgent.invoke(TestInvoker.java:995)
at org.testng.internal.invokers.TestInvoker.invokeTestMethods(TestInvoker.java:203)
at org.testng.internal.invokers.TestMethodWorker.invokeTestMethods(TestMethodWorker.java:154)
at org.testng.internal.invokers.TestMethodWorker.run(TestMethodWorker.java:134)
at java.base/java.util.concurrent.Executors$RunnableAdapter.call(Executors.java:572)
at java.base/java.util.concurrent.FutureTask.run(FutureTask.java:317)
at org.testng.internal.thread.graph.TestNGFutureTask.run(TestNGFutureTask.java:22)
at java.base/java.util.concurrent.ThreadPoolExecutor.runWorker(ThreadPoolExecutor.java:1144)
at java.base/java.util.concurrent.ThreadPoolExecutor$Worker.run(ThreadPoolExecutor.java:642)
at java.base/java.lang.Thread.run(Thread.java:1583)
Caused by: com.microsoft.playwright.TimeoutError: Error {
  message='Timeout 15000ms exceeded.
  name='TimeoutError
  stack='TimeoutError: Timeout 15000ms exceeded.
    at ProgressController.run (C:\Users\SHRINI~1\AppData\Local\Temp\playwright-java-17152706374326676191\package\lib\server\progress.js:76:26)
    at Frame.waitForSelector (C:\Users\SHRINI~1\AppData\Local\Temp\playwright-java-17152706374326676191\package\lib\server\frames.js:647:23)
    at FrameDispatcher.waitForSelector (C:\Users\SHRINI~1\AppData\Local\Temp\playwright-java-17152706374326676191\package\lib\server\dispatchers\frameDispatcher.js:82:116)
    at FrameDispatcher._handleCommand (C:\Users\SHRINI~1\AppData\Local\Temp\playwright-java-17152706374326676191\package\lib\server\dispatchers\dispatcher.js:94:40)
    at DispatcherConnection.dispatch (C:\Users\SHRINI~1\AppData\Local\Temp\playwright-java-17152706374326676191\package\lib\server\dispatchers\dispatcher.js:307:39)
}
Call log:
-   - waiting for locator("//input[@placeholder='Enter your name']") to be visible

at com.microsoft.playwright.impl.Connection.dispatch(Connection.java:254)
at com.microsoft.playwright.impl.Connection.processOneMessage(Connection.java:211)
at com.microsoft.playwright.impl.ChannelOwner.runUntil(ChannelOwner.java:130)
... 25 more
]]>
    </error>
  </testcase> <!-- verifySuccessfulSignup -->
  <testcase classname="signUp.addAllUser" name="verifySuccessfulSignup" time="19.754">
    <error message="Error {
  message=&#039;Timeout 15000ms exceeded.
  name=&#039;TimeoutError
  stack=&#039;TimeoutError: Timeout 15000ms exceeded.
    at ProgressController.run (C:\Users\SHRINI~1\AppData\Local\Temp\playwright-java-17152706374326676191\package\lib\server\progress.js:76:26)
    at Frame.waitForSelector (C:\Users\SHRINI~1\AppData\Local\Temp\playwright-java-17152706374326676191\package\lib\server\frames.js:647:23)
    at FrameDispatcher.waitForSelector (C:\Users\SHRINI~1\AppData\Local\Temp\playwright-java-17152706374326676191\package\lib\server\dispatchers\frameDispatcher.js:82:116)
    at FrameDispatcher._handleCommand (C:\Users\SHRINI~1\AppData\Local\Temp\playwright-java-17152706374326676191\package\lib\server\dispatchers\dispatcher.js:94:40)
    at DispatcherConnection.dispatch (C:\Users\SHRINI~1\AppData\Local\Temp\playwright-java-17152706374326676191\package\lib\server\dispatchers\dispatcher.js:307:39)
}
Call log:
-   - waiting for locator(&quot;//input[@placeholder=&#039;Enter your name&#039;]&quot;) to be visible
" type="com.microsoft.playwright.TimeoutError">
      <![CDATA[com.microsoft.playwright.TimeoutError: Error {
  message='Timeout 15000ms exceeded.
  name='TimeoutError
  stack='TimeoutError: Timeout 15000ms exceeded.
    at ProgressController.run (C:\Users\SHRINI~1\AppData\Local\Temp\playwright-java-17152706374326676191\package\lib\server\progress.js:76:26)
    at Frame.waitForSelector (C:\Users\SHRINI~1\AppData\Local\Temp\playwright-java-17152706374326676191\package\lib\server\frames.js:647:23)
    at FrameDispatcher.waitForSelector (C:\Users\SHRINI~1\AppData\Local\Temp\playwright-java-17152706374326676191\package\lib\server\dispatchers\frameDispatcher.js:82:116)
    at FrameDispatcher._handleCommand (C:\Users\SHRINI~1\AppData\Local\Temp\playwright-java-17152706374326676191\package\lib\server\dispatchers\dispatcher.js:94:40)
    at DispatcherConnection.dispatch (C:\Users\SHRINI~1\AppData\Local\Temp\playwright-java-17152706374326676191\package\lib\server\dispatchers\dispatcher.js:307:39)
}
Call log:
-   - waiting for locator("//input[@placeholder='Enter your name']") to be visible

at com.microsoft.playwright.impl.WaitableResult.get(WaitableResult.java:52)
at com.microsoft.playwright.impl.ChannelOwner.runUntil(ChannelOwner.java:132)
at com.microsoft.playwright.impl.Connection.sendMessage(Connection.java:130)
at com.microsoft.playwright.impl.ChannelOwner.sendMessage(ChannelOwner.java:118)
at com.microsoft.playwright.impl.FrameImpl.waitForSelectorImpl(FrameImpl.java:1060)
at com.microsoft.playwright.impl.FrameImpl.waitForSelectorImpl(FrameImpl.java:1050)
at com.microsoft.playwright.impl.PageImpl.lambda$waitForSelector$95(PageImpl.java:1590)
at com.microsoft.playwright.impl.LoggingSupport.withLogging(LoggingSupport.java:47)
at com.microsoft.playwright.impl.ChannelOwner.withLogging(ChannelOwner.java:97)
at com.microsoft.playwright.impl.PageImpl.waitForSelector(PageImpl.java:1589)
at signUp.addAllUser.verifySuccessfulSignup(addAllUser.java:37)
at java.base/jdk.internal.reflect.DirectMethodHandleAccessor.invoke(DirectMethodHandleAccessor.java:103)
at java.base/java.lang.reflect.Method.invoke(Method.java:580)
at org.testng.internal.invokers.MethodInvocationHelper.invokeMethod(MethodInvocationHelper.java:141)
at org.testng.internal.invokers.TestInvoker.invokeMethod(TestInvoker.java:687)
at org.testng.internal.invokers.TestInvoker.invokeTestMethod(TestInvoker.java:230)
at org.testng.internal.invokers.MethodRunner.runInSequence(MethodRunner.java:63)
at org.testng.internal.invokers.TestInvoker$MethodInvocationAgent.invoke(TestInvoker.java:995)
at org.testng.internal.invokers.TestInvoker.invokeTestMethods(TestInvoker.java:203)
at org.testng.internal.invokers.TestMethodWorker.invokeTestMethods(TestMethodWorker.java:154)
at org.testng.internal.invokers.TestMethodWorker.run(TestMethodWorker.java:134)
at java.base/java.util.concurrent.Executors$RunnableAdapter.call(Executors.java:572)
at java.base/java.util.concurrent.FutureTask.run(FutureTask.java:317)
at org.testng.internal.thread.graph.TestNGFutureTask.run(TestNGFutureTask.java:22)
at java.base/java.util.concurrent.ThreadPoolExecutor.runWorker(ThreadPoolExecutor.java:1144)
at java.base/java.util.concurrent.ThreadPoolExecutor$Worker.run(ThreadPoolExecutor.java:642)
at java.base/java.lang.Thread.run(Thread.java:1583)
Caused by: com.microsoft.playwright.TimeoutError: Error {
  message='Timeout 15000ms exceeded.
  name='TimeoutError
  stack='TimeoutError: Timeout 15000ms exceeded.
    at ProgressController.run (C:\Users\SHRINI~1\AppData\Local\Temp\playwright-java-17152706374326676191\package\lib\server\progress.js:76:26)
    at Frame.waitForSelector (C:\Users\SHRINI~1\AppData\Local\Temp\playwright-java-17152706374326676191\package\lib\server\frames.js:647:23)
    at FrameDispatcher.waitForSelector (C:\Users\SHRINI~1\AppData\Local\Temp\playwright-java-17152706374326676191\package\lib\server\dispatchers\frameDispatcher.js:82:116)
    at FrameDispatcher._handleCommand (C:\Users\SHRINI~1\AppData\Local\Temp\playwright-java-17152706374326676191\package\lib\server\dispatchers\dispatcher.js:94:40)
    at DispatcherConnection.dispatch (C:\Users\SHRINI~1\AppData\Local\Temp\playwright-java-17152706374326676191\package\lib\server\dispatchers\dispatcher.js:307:39)
}
Call log:
-   - waiting for locator("//input[@placeholder='Enter your name']") to be visible

at com.microsoft.playwright.impl.Connection.dispatch(Connection.java:254)
at com.microsoft.playwright.impl.Connection.processOneMessage(Connection.java:211)
at com.microsoft.playwright.impl.ChannelOwner.runUntil(ChannelOwner.java:130)
... 25 more
]]>
    </error>
  </testcase> <!-- verifySuccessfulSignup -->
  <testcase classname="signUp.addAllUser" name="verifySuccessfulSignup" time="20.554">
    <error message="Error {
  message=&#039;Timeout 15000ms exceeded.
  name=&#039;TimeoutError
  stack=&#039;TimeoutError: Timeout 15000ms exceeded.
    at ProgressController.run (C:\Users\SHRINI~1\AppData\Local\Temp\playwright-java-17152706374326676191\package\lib\server\progress.js:76:26)
    at Frame.waitForSelector (C:\Users\SHRINI~1\AppData\Local\Temp\playwright-java-17152706374326676191\package\lib\server\frames.js:647:23)
    at FrameDispatcher.waitForSelector (C:\Users\SHRINI~1\AppData\Local\Temp\playwright-java-17152706374326676191\package\lib\server\dispatchers\frameDispatcher.js:82:116)
    at FrameDispatcher._handleCommand (C:\Users\SHRINI~1\AppData\Local\Temp\playwright-java-17152706374326676191\package\lib\server\dispatchers\dispatcher.js:94:40)
    at DispatcherConnection.dispatch (C:\Users\SHRINI~1\AppData\Local\Temp\playwright-java-17152706374326676191\package\lib\server\dispatchers\dispatcher.js:307:39)
}
Call log:
-   - waiting for locator(&quot;//input[@placeholder=&#039;Enter your name&#039;]&quot;) to be visible
" type="com.microsoft.playwright.TimeoutError">
      <![CDATA[com.microsoft.playwright.TimeoutError: Error {
  message='Timeout 15000ms exceeded.
  name='TimeoutError
  stack='TimeoutError: Timeout 15000ms exceeded.
    at ProgressController.run (C:\Users\SHRINI~1\AppData\Local\Temp\playwright-java-17152706374326676191\package\lib\server\progress.js:76:26)
    at Frame.waitForSelector (C:\Users\SHRINI~1\AppData\Local\Temp\playwright-java-17152706374326676191\package\lib\server\frames.js:647:23)
    at FrameDispatcher.waitForSelector (C:\Users\SHRINI~1\AppData\Local\Temp\playwright-java-17152706374326676191\package\lib\server\dispatchers\frameDispatcher.js:82:116)
    at FrameDispatcher._handleCommand (C:\Users\SHRINI~1\AppData\Local\Temp\playwright-java-17152706374326676191\package\lib\server\dispatchers\dispatcher.js:94:40)
    at DispatcherConnection.dispatch (C:\Users\SHRINI~1\AppData\Local\Temp\playwright-java-17152706374326676191\package\lib\server\dispatchers\dispatcher.js:307:39)
}
Call log:
-   - waiting for locator("//input[@placeholder='Enter your name']") to be visible

at com.microsoft.playwright.impl.WaitableResult.get(WaitableResult.java:52)
at com.microsoft.playwright.impl.ChannelOwner.runUntil(ChannelOwner.java:132)
at com.microsoft.playwright.impl.Connection.sendMessage(Connection.java:130)
at com.microsoft.playwright.impl.ChannelOwner.sendMessage(ChannelOwner.java:118)
at com.microsoft.playwright.impl.FrameImpl.waitForSelectorImpl(FrameImpl.java:1060)
at com.microsoft.playwright.impl.FrameImpl.waitForSelectorImpl(FrameImpl.java:1050)
at com.microsoft.playwright.impl.PageImpl.lambda$waitForSelector$95(PageImpl.java:1590)
at com.microsoft.playwright.impl.LoggingSupport.withLogging(LoggingSupport.java:47)
at com.microsoft.playwright.impl.ChannelOwner.withLogging(ChannelOwner.java:97)
at com.microsoft.playwright.impl.PageImpl.waitForSelector(PageImpl.java:1589)
at signUp.addAllUser.verifySuccessfulSignup(addAllUser.java:37)
at java.base/jdk.internal.reflect.DirectMethodHandleAccessor.invoke(DirectMethodHandleAccessor.java:103)
at java.base/java.lang.reflect.Method.invoke(Method.java:580)
at org.testng.internal.invokers.MethodInvocationHelper.invokeMethod(MethodInvocationHelper.java:141)
at org.testng.internal.invokers.TestInvoker.invokeMethod(TestInvoker.java:687)
at org.testng.internal.invokers.TestInvoker.invokeTestMethod(TestInvoker.java:230)
at org.testng.internal.invokers.MethodRunner.runInSequence(MethodRunner.java:63)
at org.testng.internal.invokers.TestInvoker$MethodInvocationAgent.invoke(TestInvoker.java:995)
at org.testng.internal.invokers.TestInvoker.invokeTestMethods(TestInvoker.java:203)
at org.testng.internal.invokers.TestMethodWorker.invokeTestMethods(TestMethodWorker.java:154)
at org.testng.internal.invokers.TestMethodWorker.run(TestMethodWorker.java:134)
at java.base/java.util.concurrent.Executors$RunnableAdapter.call(Executors.java:572)
at java.base/java.util.concurrent.FutureTask.run(FutureTask.java:317)
at org.testng.internal.thread.graph.TestNGFutureTask.run(TestNGFutureTask.java:22)
at java.base/java.util.concurrent.ThreadPoolExecutor.runWorker(ThreadPoolExecutor.java:1144)
at java.base/java.util.concurrent.ThreadPoolExecutor$Worker.run(ThreadPoolExecutor.java:642)
at java.base/java.lang.Thread.run(Thread.java:1583)
Caused by: com.microsoft.playwright.TimeoutError: Error {
  message='Timeout 15000ms exceeded.
  name='TimeoutError
  stack='TimeoutError: Timeout 15000ms exceeded.
    at ProgressController.run (C:\Users\SHRINI~1\AppData\Local\Temp\playwright-java-17152706374326676191\package\lib\server\progress.js:76:26)
    at Frame.waitForSelector (C:\Users\SHRINI~1\AppData\Local\Temp\playwright-java-17152706374326676191\package\lib\server\frames.js:647:23)
    at FrameDispatcher.waitForSelector (C:\Users\SHRINI~1\AppData\Local\Temp\playwright-java-17152706374326676191\package\lib\server\dispatchers\frameDispatcher.js:82:116)
    at FrameDispatcher._handleCommand (C:\Users\SHRINI~1\AppData\Local\Temp\playwright-java-17152706374326676191\package\lib\server\dispatchers\dispatcher.js:94:40)
    at DispatcherConnection.dispatch (C:\Users\SHRINI~1\AppData\Local\Temp\playwright-java-17152706374326676191\package\lib\server\dispatchers\dispatcher.js:307:39)
}
Call log:
-   - waiting for locator("//input[@placeholder='Enter your name']") to be visible

at com.microsoft.playwright.impl.Connection.dispatch(Connection.java:254)
at com.microsoft.playwright.impl.Connection.processOneMessage(Connection.java:211)
at com.microsoft.playwright.impl.ChannelOwner.runUntil(ChannelOwner.java:130)
... 25 more
]]>
    </error>
  </testcase> <!-- verifySuccessfulSignup -->
  <testcase classname="signUp.addAllUser" name="verifySuccessfulSignup" time="19.371">
    <error message="Error {
  message=&#039;Timeout 15000ms exceeded.
  name=&#039;TimeoutError
  stack=&#039;TimeoutError: Timeout 15000ms exceeded.
    at ProgressController.run (C:\Users\SHRINI~1\AppData\Local\Temp\playwright-java-17152706374326676191\package\lib\server\progress.js:76:26)
    at Frame.waitForSelector (C:\Users\SHRINI~1\AppData\Local\Temp\playwright-java-17152706374326676191\package\lib\server\frames.js:647:23)
    at FrameDispatcher.waitForSelector (C:\Users\SHRINI~1\AppData\Local\Temp\playwright-java-17152706374326676191\package\lib\server\dispatchers\frameDispatcher.js:82:116)
    at FrameDispatcher._handleCommand (C:\Users\SHRINI~1\AppData\Local\Temp\playwright-java-17152706374326676191\package\lib\server\dispatchers\dispatcher.js:94:40)
    at DispatcherConnection.dispatch (C:\Users\SHRINI~1\AppData\Local\Temp\playwright-java-17152706374326676191\package\lib\server\dispatchers\dispatcher.js:307:39)
}
Call log:
-   - waiting for locator(&quot;//input[@placeholder=&#039;Enter your name&#039;]&quot;) to be visible
" type="com.microsoft.playwright.TimeoutError">
      <![CDATA[com.microsoft.playwright.TimeoutError: Error {
  message='Timeout 15000ms exceeded.
  name='TimeoutError
  stack='TimeoutError: Timeout 15000ms exceeded.
    at ProgressController.run (C:\Users\SHRINI~1\AppData\Local\Temp\playwright-java-17152706374326676191\package\lib\server\progress.js:76:26)
    at Frame.waitForSelector (C:\Users\SHRINI~1\AppData\Local\Temp\playwright-java-17152706374326676191\package\lib\server\frames.js:647:23)
    at FrameDispatcher.waitForSelector (C:\Users\SHRINI~1\AppData\Local\Temp\playwright-java-17152706374326676191\package\lib\server\dispatchers\frameDispatcher.js:82:116)
    at FrameDispatcher._handleCommand (C:\Users\SHRINI~1\AppData\Local\Temp\playwright-java-17152706374326676191\package\lib\server\dispatchers\dispatcher.js:94:40)
    at DispatcherConnection.dispatch (C:\Users\SHRINI~1\AppData\Local\Temp\playwright-java-17152706374326676191\package\lib\server\dispatchers\dispatcher.js:307:39)
}
Call log:
-   - waiting for locator("//input[@placeholder='Enter your name']") to be visible

at com.microsoft.playwright.impl.WaitableResult.get(WaitableResult.java:52)
at com.microsoft.playwright.impl.ChannelOwner.runUntil(ChannelOwner.java:132)
at com.microsoft.playwright.impl.Connection.sendMessage(Connection.java:130)
at com.microsoft.playwright.impl.ChannelOwner.sendMessage(ChannelOwner.java:118)
at com.microsoft.playwright.impl.FrameImpl.waitForSelectorImpl(FrameImpl.java:1060)
at com.microsoft.playwright.impl.FrameImpl.waitForSelectorImpl(FrameImpl.java:1050)
at com.microsoft.playwright.impl.PageImpl.lambda$waitForSelector$95(PageImpl.java:1590)
at com.microsoft.playwright.impl.LoggingSupport.withLogging(LoggingSupport.java:47)
at com.microsoft.playwright.impl.ChannelOwner.withLogging(ChannelOwner.java:97)
at com.microsoft.playwright.impl.PageImpl.waitForSelector(PageImpl.java:1589)
at signUp.addAllUser.verifySuccessfulSignup(addAllUser.java:37)
at java.base/jdk.internal.reflect.DirectMethodHandleAccessor.invoke(DirectMethodHandleAccessor.java:103)
at java.base/java.lang.reflect.Method.invoke(Method.java:580)
at org.testng.internal.invokers.MethodInvocationHelper.invokeMethod(MethodInvocationHelper.java:141)
at org.testng.internal.invokers.TestInvoker.invokeMethod(TestInvoker.java:687)
at org.testng.internal.invokers.TestInvoker.invokeTestMethod(TestInvoker.java:230)
at org.testng.internal.invokers.MethodRunner.runInSequence(MethodRunner.java:63)
at org.testng.internal.invokers.TestInvoker$MethodInvocationAgent.invoke(TestInvoker.java:995)
at org.testng.internal.invokers.TestInvoker.invokeTestMethods(TestInvoker.java:203)
at org.testng.internal.invokers.TestMethodWorker.invokeTestMethods(TestMethodWorker.java:154)
at org.testng.internal.invokers.TestMethodWorker.run(TestMethodWorker.java:134)
at java.base/java.util.concurrent.Executors$RunnableAdapter.call(Executors.java:572)
at java.base/java.util.concurrent.FutureTask.run(FutureTask.java:317)
at org.testng.internal.thread.graph.TestNGFutureTask.run(TestNGFutureTask.java:22)
at java.base/java.util.concurrent.ThreadPoolExecutor.runWorker(ThreadPoolExecutor.java:1144)
at java.base/java.util.concurrent.ThreadPoolExecutor$Worker.run(ThreadPoolExecutor.java:642)
at java.base/java.lang.Thread.run(Thread.java:1583)
Caused by: com.microsoft.playwright.TimeoutError: Error {
  message='Timeout 15000ms exceeded.
  name='TimeoutError
  stack='TimeoutError: Timeout 15000ms exceeded.
    at ProgressController.run (C:\Users\SHRINI~1\AppData\Local\Temp\playwright-java-17152706374326676191\package\lib\server\progress.js:76:26)
    at Frame.waitForSelector (C:\Users\SHRINI~1\AppData\Local\Temp\playwright-java-17152706374326676191\package\lib\server\frames.js:647:23)
    at FrameDispatcher.waitForSelector (C:\Users\SHRINI~1\AppData\Local\Temp\playwright-java-17152706374326676191\package\lib\server\dispatchers\frameDispatcher.js:82:116)
    at FrameDispatcher._handleCommand (C:\Users\SHRINI~1\AppData\Local\Temp\playwright-java-17152706374326676191\package\lib\server\dispatchers\dispatcher.js:94:40)
    at DispatcherConnection.dispatch (C:\Users\SHRINI~1\AppData\Local\Temp\playwright-java-17152706374326676191\package\lib\server\dispatchers\dispatcher.js:307:39)
}
Call log:
-   - waiting for locator("//input[@placeholder='Enter your name']") to be visible

at com.microsoft.playwright.impl.Connection.dispatch(Connection.java:254)
at com.microsoft.playwright.impl.Connection.processOneMessage(Connection.java:211)
at com.microsoft.playwright.impl.ChannelOwner.runUntil(ChannelOwner.java:130)
... 25 more
]]>
    </error>
  </testcase> <!-- verifySuccessfulSignup -->
</testsuite> <!-- signUp.addAllUser -->
