<?xml version="1.0" encoding="UTF-8"?>
<!-- Generated by org.testng.reporters.JUnitReportReporter -->
<testsuite hostname="AZI-APR-30913" failures="0" tests="1" name="login.TC_01_004" time="39.266" errors="1" timestamp="2026-06-02T10:51:11 IST" skipped="0">
  <testcase classname="login.TC_01_004" name="verifyNonApprovedUserLogin" time="39.266">
    <error message="Error {
  message=&#039;Timeout 30000ms exceeded.
  name=&#039;TimeoutError
  stack=&#039;TimeoutError: Timeout 30000ms exceeded.
    at ProgressController.run (C:\Users\SHRINI~1\AppData\Local\Temp\playwright-java-14163997433980271710\package\lib\server\progress.js:76:26)
    at Frame._callOnElementOnceMatches (C:\Users\SHRINI~1\AppData\Local\Temp\playwright-java-14163997433980271710\package\lib\server\frames.js:1379:23)
    at Frame.textContent (C:\Users\SHRINI~1\AppData\Local\Temp\playwright-java-14163997433980271710\package\lib\server\frames.js:1055:17)
    at FrameDispatcher.textContent (C:\Users\SHRINI~1\AppData\Local\Temp\playwright-java-14163997433980271710\package\lib\server\dispatchers\frameDispatcher.js:138:37)
    at FrameDispatcher._handleCommand (C:\Users\SHRINI~1\AppData\Local\Temp\playwright-java-14163997433980271710\package\lib\server\dispatchers\dispatcher.js:94:40)
    at DispatcherConnection.dispatch (C:\Users\SHRINI~1\AppData\Local\Temp\playwright-java-14163997433980271710\package\lib\server\dispatchers\dispatcher.js:307:39)
}
Call log:
-   - waiting for locator(&quot;text=&#039;Your permission request is still pending admin approval.&#039;&quot;)
" type="com.microsoft.playwright.TimeoutError">
      <![CDATA[com.microsoft.playwright.TimeoutError: Error {
  message='Timeout 30000ms exceeded.
  name='TimeoutError
  stack='TimeoutError: Timeout 30000ms exceeded.
    at ProgressController.run (C:\Users\SHRINI~1\AppData\Local\Temp\playwright-java-14163997433980271710\package\lib\server\progress.js:76:26)
    at Frame._callOnElementOnceMatches (C:\Users\SHRINI~1\AppData\Local\Temp\playwright-java-14163997433980271710\package\lib\server\frames.js:1379:23)
    at Frame.textContent (C:\Users\SHRINI~1\AppData\Local\Temp\playwright-java-14163997433980271710\package\lib\server\frames.js:1055:17)
    at FrameDispatcher.textContent (C:\Users\SHRINI~1\AppData\Local\Temp\playwright-java-14163997433980271710\package\lib\server\dispatchers\frameDispatcher.js:138:37)
    at FrameDispatcher._handleCommand (C:\Users\SHRINI~1\AppData\Local\Temp\playwright-java-14163997433980271710\package\lib\server\dispatchers\dispatcher.js:94:40)
    at DispatcherConnection.dispatch (C:\Users\SHRINI~1\AppData\Local\Temp\playwright-java-14163997433980271710\package\lib\server\dispatchers\dispatcher.js:307:39)
}
Call log:
-   - waiting for locator("text='Your permission request is still pending admin approval.'")

at com.microsoft.playwright.impl.WaitableResult.get(WaitableResult.java:52)
at com.microsoft.playwright.impl.ChannelOwner.runUntil(ChannelOwner.java:132)
at com.microsoft.playwright.impl.Connection.sendMessage(Connection.java:130)
at com.microsoft.playwright.impl.ChannelOwner.sendMessage(ChannelOwner.java:118)
at com.microsoft.playwright.impl.FrameImpl.textContentImpl(FrameImpl.java:818)
at com.microsoft.playwright.impl.FrameImpl.lambda$textContent$38(FrameImpl.java:809)
at com.microsoft.playwright.impl.LoggingSupport.withLogging(LoggingSupport.java:47)
at com.microsoft.playwright.impl.ChannelOwner.withLogging(ChannelOwner.java:97)
at com.microsoft.playwright.impl.FrameImpl.textContent(FrameImpl.java:809)
at com.microsoft.playwright.impl.LocatorImpl.textContent(LocatorImpl.java:606)
at com.microsoft.playwright.Locator.textContent(Locator.java:5286)
at Pages.LoginPage.getLoginwithunapprovedemailErrorMessage(LoginPage.java:125)
at login.TC_01_004.verifyNonApprovedUserLogin(TC_01_004.java:84)
at java.base/jdk.internal.reflect.DirectMethodHandleAccessor.invoke(DirectMethodHandleAccessor.java:103)
at java.base/java.lang.reflect.Method.invoke(Method.java:580)
at org.testng.internal.invokers.MethodInvocationHelper.invokeMethod(MethodInvocationHelper.java:141)
at org.testng.internal.invokers.TestInvoker.invokeMethod(TestInvoker.java:687)
at org.testng.internal.invokers.TestInvoker.invokeTestMethod(TestInvoker.java:230)
at org.testng.internal.invokers.MethodRunner.runInSequence(MethodRunner.java:63)
at org.testng.internal.invokers.TestInvoker$MethodInvocationAgent.invoke(TestInvoker.java:995)
at org.testng.internal.invokers.TestInvoker.invokeTestMethods(TestInvoker.java:203)
at org.testng.internal.invokers.TestMethodWorker.invokeTestMethods(TestMethodWorker.java:154)
at org.testng.internal.invokers.TestMethodWorker.run(TestMethodWorker.java:134)
at java.base/java.util.concurrent.Executors$RunnableAdapter.call(Executors.java:572)
at java.base/java.util.concurrent.FutureTask.run(FutureTask.java:317)
at org.testng.internal.thread.graph.TestNGFutureTask.run(TestNGFutureTask.java:22)
at java.base/java.util.concurrent.ThreadPoolExecutor.runWorker(ThreadPoolExecutor.java:1144)
at java.base/java.util.concurrent.ThreadPoolExecutor$Worker.run(ThreadPoolExecutor.java:642)
at java.base/java.lang.Thread.run(Thread.java:1583)
Caused by: com.microsoft.playwright.TimeoutError: Error {
  message='Timeout 30000ms exceeded.
  name='TimeoutError
  stack='TimeoutError: Timeout 30000ms exceeded.
    at ProgressController.run (C:\Users\SHRINI~1\AppData\Local\Temp\playwright-java-14163997433980271710\package\lib\server\progress.js:76:26)
    at Frame._callOnElementOnceMatches (C:\Users\SHRINI~1\AppData\Local\Temp\playwright-java-14163997433980271710\package\lib\server\frames.js:1379:23)
    at Frame.textContent (C:\Users\SHRINI~1\AppData\Local\Temp\playwright-java-14163997433980271710\package\lib\server\frames.js:1055:17)
    at FrameDispatcher.textContent (C:\Users\SHRINI~1\AppData\Local\Temp\playwright-java-14163997433980271710\package\lib\server\dispatchers\frameDispatcher.js:138:37)
    at FrameDispatcher._handleCommand (C:\Users\SHRINI~1\AppData\Local\Temp\playwright-java-14163997433980271710\package\lib\server\dispatchers\dispatcher.js:94:40)
    at DispatcherConnection.dispatch (C:\Users\SHRINI~1\AppData\Local\Temp\playwright-java-14163997433980271710\package\lib\server\dispatchers\dispatcher.js:307:39)
}
Call log:
-   - waiting for locator("text='Your permission request is still pending admin approval.'")

at com.microsoft.playwright.impl.Connection.dispatch(Connection.java:254)
at com.microsoft.playwright.impl.Connection.processOneMessage(Connection.java:211)
at com.microsoft.playwright.impl.ChannelOwner.runUntil(ChannelOwner.java:130)
... 27 more
]]>
    </error>
  </testcase> <!-- verifyNonApprovedUserLogin -->
</testsuite> <!-- login.TC_01_004 -->
