<?xml version="1.0" encoding="UTF-8"?>
<!-- Generated by org.testng.reporters.JUnitReportReporter -->
<testsuite hostname="AZI-APR-30913" failures="0" tests="3" name="signUp.TC_02_002" time="13.357" errors="1" timestamp="2026-06-22T18:27:07 IST" skipped="2">
  <testcase classname="signUp.TC_02_002" name="verifySignupWithStrongPassword" time="3.633">
    <skipped/>
  </testcase> <!-- verifySignupWithStrongPassword -->
  <testcase classname="signUp.TC_02_002" name="verifySignupWithStrongPassword" time="3.492">
    <error message="Error {
  message=&#039;value: expected string, got undefined
  name=&#039;Error
  stack=&#039;Error: value: expected string, got undefined
    at tString (C:\Users\SHRINI~1\AppData\Local\Temp\playwright-java-8795502559502029913\package\lib\protocol\validatorPrimitives.js:75:9)
    at C:\Users\SHRINI~1\AppData\Local\Temp\playwright-java-8795502559502029913\package\lib\protocol\validatorPrimitives.js:127:21
    at DispatcherConnection.dispatch (C:\Users\SHRINI~1\AppData\Local\Temp\playwright-java-8795502559502029913\package\lib\server\dispatchers\dispatcher.js:252:21)
    at transport.onmessage (C:\Users\SHRINI~1\AppData\Local\Temp\playwright-java-8795502559502029913\package\lib\cli\driver.js:53:59)
    at Immediate._onImmediate (C:\Users\SHRINI~1\AppData\Local\Temp\playwright-java-8795502559502029913\package\lib\server\utils\pipeTransport.js:76:16)
    at process.processImmediate (node:internal/timers:491:21)
}" type="com.microsoft.playwright.PlaywrightException">
      <![CDATA[com.microsoft.playwright.PlaywrightException: Error {
  message='value: expected string, got undefined
  name='Error
  stack='Error: value: expected string, got undefined
    at tString (C:\Users\SHRINI~1\AppData\Local\Temp\playwright-java-8795502559502029913\package\lib\protocol\validatorPrimitives.js:75:9)
    at C:\Users\SHRINI~1\AppData\Local\Temp\playwright-java-8795502559502029913\package\lib\protocol\validatorPrimitives.js:127:21
    at DispatcherConnection.dispatch (C:\Users\SHRINI~1\AppData\Local\Temp\playwright-java-8795502559502029913\package\lib\server\dispatchers\dispatcher.js:252:21)
    at transport.onmessage (C:\Users\SHRINI~1\AppData\Local\Temp\playwright-java-8795502559502029913\package\lib\cli\driver.js:53:59)
    at Immediate._onImmediate (C:\Users\SHRINI~1\AppData\Local\Temp\playwright-java-8795502559502029913\package\lib\server\utils\pipeTransport.js:76:16)
    at process.processImmediate (node:internal/timers:491:21)
}
at com.microsoft.playwright.impl.WaitableResult.get(WaitableResult.java:56)
at com.microsoft.playwright.impl.ChannelOwner.runUntil(ChannelOwner.java:132)
at com.microsoft.playwright.impl.Connection.sendMessage(Connection.java:130)
at com.microsoft.playwright.impl.ChannelOwner.sendMessage(ChannelOwner.java:118)
at com.microsoft.playwright.impl.FrameImpl.fillImpl(FrameImpl.java:335)
at com.microsoft.playwright.impl.PageImpl.lambda$fill$28(PageImpl.java:767)
at com.microsoft.playwright.impl.LoggingSupport.lambda$withLogging$0(LoggingSupport.java:36)
at com.microsoft.playwright.impl.LoggingSupport.withLogging(LoggingSupport.java:47)
at com.microsoft.playwright.impl.ChannelOwner.withLogging(ChannelOwner.java:97)
at com.microsoft.playwright.impl.LoggingSupport.withLogging(LoggingSupport.java:35)
at com.microsoft.playwright.impl.PageImpl.fill(PageImpl.java:766)
at com.microsoft.playwright.Page.fill(Page.java:4732)
at Pages.SignupPage.enterFullName(SignupPage.java:88)
at Pages.SignupPage.signup(SignupPage.java:118)
at signUp.TC_02_002.verifySignupWithStrongPassword(TC_02_002.java:26)
at java.base/jdk.internal.reflect.DirectMethodHandleAccessor.invoke(DirectMethodHandleAccessor.java:103)
at java.base/java.lang.reflect.Method.invoke(Method.java:580)
at org.testng.internal.invokers.MethodInvocationHelper.invokeMethod(MethodInvocationHelper.java:141)
at org.testng.internal.invokers.TestInvoker.invokeMethod(TestInvoker.java:687)
at org.testng.internal.invokers.TestInvoker.retryFailed(TestInvoker.java:269)
at org.testng.internal.invokers.MethodRunner.runInSequence(MethodRunner.java:76)
at org.testng.internal.invokers.TestInvoker$MethodInvocationAgent.invoke(TestInvoker.java:995)
at org.testng.internal.invokers.TestInvoker.invokeTestMethods(TestInvoker.java:203)
at org.testng.internal.invokers.TestMethodWorker.invokeTestMethods(TestMethodWorker.java:154)
at org.testng.internal.invokers.TestMethodWorker.run(TestMethodWorker.java:134)
at java.base/java.util.ArrayList.forEach(ArrayList.java:1596)
at org.testng.TestRunner.privateRun(TestRunner.java:741)
at org.testng.TestRunner.run(TestRunner.java:616)
at org.testng.SuiteRunner.runTest(SuiteRunner.java:421)
at org.testng.SuiteRunner.runSequentially(SuiteRunner.java:413)
at org.testng.SuiteRunner.privateRun(SuiteRunner.java:373)
at org.testng.SuiteRunner.run(SuiteRunner.java:312)
at org.testng.SuiteRunnerWorker.runSuite(SuiteRunnerWorker.java:52)
at org.testng.SuiteRunnerWorker.run(SuiteRunnerWorker.java:95)
at org.testng.TestNG.runSuitesSequentially(TestNG.java:1274)
at org.testng.TestNG.runSuitesLocally(TestNG.java:1208)
at org.testng.TestNG.runSuites(TestNG.java:1112)
at org.testng.TestNG.run(TestNG.java:1079)
at org.testng.remote.AbstractRemoteTestNG.run(AbstractRemoteTestNG.java:115)
at org.testng.remote.RemoteTestNG.initAndRun(RemoteTestNG.java:293)
at org.testng.remote.RemoteTestNG.main(RemoteTestNG.java:91)
Caused by: com.microsoft.playwright.impl.DriverException: Error {
  message='value: expected string, got undefined
  name='Error
  stack='Error: value: expected string, got undefined
    at tString (C:\Users\SHRINI~1\AppData\Local\Temp\playwright-java-8795502559502029913\package\lib\protocol\validatorPrimitives.js:75:9)
    at C:\Users\SHRINI~1\AppData\Local\Temp\playwright-java-8795502559502029913\package\lib\protocol\validatorPrimitives.js:127:21
    at DispatcherConnection.dispatch (C:\Users\SHRINI~1\AppData\Local\Temp\playwright-java-8795502559502029913\package\lib\server\dispatchers\dispatcher.js:252:21)
    at transport.onmessage (C:\Users\SHRINI~1\AppData\Local\Temp\playwright-java-8795502559502029913\package\lib\cli\driver.js:53:59)
    at Immediate._onImmediate (C:\Users\SHRINI~1\AppData\Local\Temp\playwright-java-8795502559502029913\package\lib\server\utils\pipeTransport.js:76:16)
    at process.processImmediate (node:internal/timers:491:21)
}
at com.microsoft.playwright.impl.Connection.dispatch(Connection.java:259)
at com.microsoft.playwright.impl.Connection.processOneMessage(Connection.java:211)
at com.microsoft.playwright.impl.ChannelOwner.runUntil(ChannelOwner.java:130)
... 39 more
]]>
    </error>
  </testcase> <!-- verifySignupWithStrongPassword -->
  <testcase classname="signUp.TC_02_002" name="verifySignupWithStrongPassword" time="6.232">
    <skipped/>
  </testcase> <!-- verifySignupWithStrongPassword -->
</testsuite> <!-- signUp.TC_02_002 -->
