<?xml version="1.0" encoding="UTF-8"?>
<!-- Generated by org.testng.reporters.JUnitReportReporter -->
<testsuite hostname="AZI-APR-30913" failures="0" tests="20" name="signUp.addAllUser" time="102.205" errors="0" timestamp="2026-06-06T12:37:57 IST" skipped="0">
  <testcase classname="signUp.addAllUser" name="verifySuccessfulSignup" time="4.849"/>
  <testcase classname="signUp.addAllUser" name="verifySuccessfulSignup" time="4.886"/>
  <testcase classname="signUp.addAllUser" name="verifySuccessfulSignup" time="4.790"/>
  <testcase classname="signUp.addAllUser" name="verifySuccessfulSignup" time="5.059"/>
  <testcase classname="signUp.addAllUser" name="verifySuccessfulSignup" time="4.977"/>
  <testcase classname="signUp.addAllUser" name="verifySuccessfulSignup" time="7.516"/>
  <testcase classname="signUp.addAllUser" name="verifySuccessfulSignup" time="4.898"/>
  <testcase classname="signUp.addAllUser" name="verifySuccessfulSignup" time="4.956"/>
  <testcase classname="signUp.addAllUser" name="verifySuccessfulSignup" time="4.770"/>
  <testcase classname="signUp.addAllUser" name="verifySuccessfulSignup" time="4.980"/>
  <testcase classname="signUp.addAllUser" name="verifySuccessfulSignup" time="5.091"/>
  <testcase classname="signUp.addAllUser" name="verifySuccessfulSignup" time="5.149"/>
  <testcase classname="signUp.addAllUser" name="verifySuccessfulSignup" time="5.087"/>
  <testcase classname="signUp.addAllUser" name="verifySuccessfulSignup" time="5.184"/>
  <testcase classname="signUp.addAllUser" name="verifySuccessfulSignup" time="5.457"/>
  <testcase classname="signUp.addAllUser" name="verifySuccessfulSignup" time="5.048"/>
  <testcase classname="signUp.addAllUser" name="verifySuccessfulSignup" time="4.678"/>
  <testcase classname="signUp.addAllUser" name="verifySuccessfulSignup" time="5.041"/>
  <testcase classname="signUp.addAllUser" name="verifySuccessfulSignup" time="4.792"/>
  <testcase classname="signUp.addAllUser" name="verifySuccessfulSignup" time="4.997"/>
</testsuite> <!-- signUp.addAllUser -->
