<?xml version="1.0" encoding="UTF-8"?>
<!-- Generated by org.testng.reporters.JUnitXMLReporter -->
<testsuite ignored="44" hostname="AZI-APR-30913" failures="5" tests="33" name="Login Tests" time="165.062" errors="0" timestamp="2026-07-21T10:45:04 IST">
  <testcase classname="login.TC_01_001" name="verifyValidLogin" time="0.747">
    <skipped/>
  </testcase> <!-- verifyValidLogin -->
  <testcase classname="login.TC_01_003" name="verifyUnregisteredEmailLogin" time="0.763"/>
  <testcase classname="login.TC_01_002" name="verifyInvalidPasswordLogin" time="3.521"/>
  <testcase classname="login.TC_01_001" name="verifyValidLogin" time="0.794">
    <skipped/>
  </testcase> <!-- verifyValidLogin -->
  <testcase classname="login.TC_01_005" name="verifyLoginWithEmptyEmailField" time="1.388"/>
  <testcase classname="login.TC_01_006" name="verifyLoginWithEmptyPasswordField" time="2.942"/>
  <testcase classname="login.TC_01_001" name="verifyValidLogin" time="0.804">
    <failure type="java.lang.AssertionError" message="User NOT landed on Projects Dashboard expected [true] but found [false]">
      <![CDATA[java.lang.AssertionError: User NOT landed on Projects Dashboard expected [true] but found [false]
at login.TC_01_001.verifyValidLogin(TC_01_001.java:64)
at java.base/java.util.concurrent.Executors$RunnableAdapter.call(Executors.java:572)
at java.base/java.util.concurrent.FutureTask.run(FutureTask.java:317)
at java.base/java.util.concurrent.ThreadPoolExecutor.runWorker(ThreadPoolExecutor.java:1144)
at java.base/java.util.concurrent.ThreadPoolExecutor$Worker.run(ThreadPoolExecutor.java:642)
at java.base/java.lang.Thread.run(Thread.java:1583)
... Removed 14 stack frames]]>
    </failure>
  </testcase> <!-- verifyValidLogin -->
  <testcase classname="login.TC_01_007" name="verifyLoginWithBothFieldsEmpty" time="0.91"/>
  <testcase classname="login.TC_01_008" name="verifyLoginWithInvalidEmailFormat" time="1.597"/>
  <testcase classname="login.TC_01_010" name="verifyLoginWithVeryLongEmailInput" time="1.43"/>
  <testcase classname="login.TC_01_009" name="verifyLoginWithEmailContainingSpaces" time="4.544"/>
  <testcase classname="login.TC_01_011" name="verifyLoginWithVeryLongPasswordInput" time="1.443">
    <skipped/>
  </testcase> <!-- verifyLoginWithVeryLongPasswordInput -->
  <testcase classname="login.TC_01_012" name="verifyPasswordIsMaskedByDefault" time="0.712"/>
  <testcase classname="login.TC_01_011" name="verifyLoginWithVeryLongPasswordInput" time="1.499">
    <skipped/>
  </testcase> <!-- verifyLoginWithVeryLongPasswordInput -->
  <testcase classname="login.TC_01_013" name="verifyPasswordVisibilityToggle" time="0.997"/>
  <testcase classname="login.TC_01_004" name="verifyNonApprovedUserLogin" time="31.341">
    <skipped/>
  </testcase> <!-- verifyNonApprovedUserLogin -->
  <testcase classname="login.TC_01_011" name="verifyLoginWithVeryLongPasswordInput" time="1.933">
    <failure type="java.lang.AssertionError" message="Incorrect validation message displayed expected [true] but found [false]">
      <![CDATA[java.lang.AssertionError: Incorrect validation message displayed expected [true] but found [false]
at login.TC_01_011.verifyLoginWithVeryLongPasswordInput(TC_01_011.java:78)
at java.base/java.util.concurrent.Executors$RunnableAdapter.call(Executors.java:572)
at java.base/java.util.concurrent.FutureTask.run(FutureTask.java:317)
at java.base/java.util.concurrent.ThreadPoolExecutor.runWorker(ThreadPoolExecutor.java:1144)
at java.base/java.util.concurrent.ThreadPoolExecutor$Worker.run(ThreadPoolExecutor.java:642)
at java.base/java.lang.Thread.run(Thread.java:1583)
... Removed 14 stack frames]]>
    </failure>
  </testcase> <!-- verifyLoginWithVeryLongPasswordInput -->
  <testcase classname="login.TC_01_014" name="verifyLoginButtonIsVisibleAndClickable" time="1.062"/>
  <testcase classname="login.TC_01_017" name="verifyForgotPasswordLinkNavigation" time="0.825"/>
  <testcase classname="login.TC_01_015" name="verifyEnterKeySubmitsLoginForm" time="4.408"/>
  <testcase classname="login.TC_01_018" name="verifySignupLinkNavigation" time="0.855"/>
  <testcase classname="login.TC_01_021" name="verifyLoginPageUIElements" time="0.293"/>
  <testcase classname="login.TC_01_019" name="verifySuccessfulLoginRedirectsToProjectsPage" time="1.837"/>
  <testcase classname="login.TC_01_026" name="verifyLoginWithUppercaseOrMixedCaseEmail" time="1.695"/>
  <testcase classname="login.TC_01_027" name="verifyErrorMessageDisappearsAfterCorrectingCredentials" time="2.475"/>
  <testcase classname="login.TC_01_004" name="verifyNonApprovedUserLogin" time="31.69">
    <skipped/>
  </testcase> <!-- verifyNonApprovedUserLogin -->
  <testcase classname="login.TC_01_023" name="verifyLoggedInUserRedirectedFromLoginPage" time="32.108">
    <skipped/>
  </testcase> <!-- verifyLoggedInUserRedirectedFromLoginPage -->
  <testcase classname="login.TC_01_024" name="verifyBrowserBackButtonAfterLogin" time="31.895">
    <skipped/>
  </testcase> <!-- verifyBrowserBackButtonAfterLogin -->
  <testcase classname="login.TC_01_004" name="verifyNonApprovedUserLogin" time="31.042">
    <failure type="com.microsoft.playwright.TimeoutError" message="Error {
  message=&amp;apos;Timeout 30000ms exceeded.
  name=&amp;apos;TimeoutError
  stack=&amp;apos;TimeoutError: Timeout 30000ms exceeded.
    at ProgressController.run (C:\Users\SHRINI~1\AppData\Local\Temp\playwright-java-13845956640650599458\package\lib\server\progress.js:76:26)
    at Frame._callOnElementOnceMatches (C:\Users\SHRINI~1\AppData\Local\Temp\playwright-java-13845956640650599458\package\lib\server\frames.js:1379:23)
    at Frame.textContent (C:\Users\SHRINI~1\AppData\Local\Temp\playwright-java-13845956640650599458\package\lib\server\frames.js:1055:17)
    at FrameDispatcher.textContent (C:\Users\SHRINI~1\AppData\Local\Temp\playwright-java-13845956640650599458\package\lib\server\dispatchers\frameDispatcher.js:138:37)
    at FrameDispatcher._handleCommand (C:\Users\SHRINI~1\AppData\Local\Temp\playwright-java-13845956640650599458\package\lib\server\dispatchers\dispatcher.js:94:40)
    at DispatcherConnection.dispatch (C:\Users\SHRINI~1\AppData\Local\Temp\playwright-java-13845956640650599458\package\lib\server\dispatchers\dispatcher.js:307:39)
}
Call log:
-   - waiting for locator(&amp;quot;text=&amp;apos;Your permission request is still pending admin approval.&amp;apos;&amp;quot;)
">
      <![CDATA[com.microsoft.playwright.TimeoutError: Error {
  message='Timeout 30000ms exceeded.
  name='TimeoutError
  stack='TimeoutError: Timeout 30000ms exceeded.
    at ProgressController.run (C:\Users\SHRINI~1\AppData\Local\Temp\playwright-java-13845956640650599458\package\lib\server\progress.js:76:26)
    at Frame._callOnElementOnceMatches (C:\Users\SHRINI~1\AppData\Local\Temp\playwright-java-13845956640650599458\package\lib\server\frames.js:1379:23)
    at Frame.textContent (C:\Users\SHRINI~1\AppData\Local\Temp\playwright-java-13845956640650599458\package\lib\server\frames.js:1055:17)
    at FrameDispatcher.textContent (C:\Users\SHRINI~1\AppData\Local\Temp\playwright-java-13845956640650599458\package\lib\server\dispatchers\frameDispatcher.js:138:37)
    at FrameDispatcher._handleCommand (C:\Users\SHRINI~1\AppData\Local\Temp\playwright-java-13845956640650599458\package\lib\server\dispatchers\dispatcher.js:94:40)
    at DispatcherConnection.dispatch (C:\Users\SHRINI~1\AppData\Local\Temp\playwright-java-13845956640650599458\package\lib\server\dispatchers\dispatcher.js:307:39)
}
Call log:
-   - waiting for locator("text='Your permission request is still pending admin approval.'")

at com.microsoft.playwright.impl.WaitableResult.get(WaitableResult.java:52)
at com.microsoft.playwright.impl.ChannelOwner.runUntil(ChannelOwner.java:132)
at com.microsoft.playwright.impl.Connection.sendMessage(Connection.java:130)
at com.microsoft.playwright.impl.ChannelOwner.sendMessage(ChannelOwner.java:118)
at com.microsoft.playwright.impl.FrameImpl.textContentImpl(FrameImpl.java:818)
at com.microsoft.playwright.impl.FrameImpl.lambda$textContent$38(FrameImpl.java:809)
at com.microsoft.playwright.impl.LoggingSupport.withLogging(LoggingSupport.java:47)
at com.microsoft.playwright.impl.ChannelOwner.withLogging(ChannelOwner.java:97)
at com.microsoft.playwright.impl.FrameImpl.textContent(FrameImpl.java:809)
at com.microsoft.playwright.impl.LocatorImpl.textContent(LocatorImpl.java:606)
at com.microsoft.playwright.Locator.textContent(Locator.java:5286)
at Pages.LoginPage.getLoginwithunapprovedemailErrorMessage(LoginPage.java:140)
at login.TC_01_004.verifyNonApprovedUserLogin(TC_01_004.java:85)
at java.base/java.util.concurrent.Executors$RunnableAdapter.call(Executors.java:572)
at java.base/java.util.concurrent.FutureTask.run(FutureTask.java:317)
at java.base/java.util.concurrent.ThreadPoolExecutor.runWorker(ThreadPoolExecutor.java:1144)
at java.base/java.util.concurrent.ThreadPoolExecutor$Worker.run(ThreadPoolExecutor.java:642)
at java.base/java.lang.Thread.run(Thread.java:1583)
Caused by: com.microsoft.playwright.TimeoutError: Error {
  message='Timeout 30000ms exceeded.
  name='TimeoutError
  stack='TimeoutError: Timeout 30000ms exceeded.
    at ProgressController.run (C:\Users\SHRINI~1\AppData\Local\Temp\playwright-java-13845956640650599458\package\lib\server\progress.js:76:26)
    at Frame._callOnElementOnceMatches (C:\Users\SHRINI~1\AppData\Local\Temp\playwright-java-13845956640650599458\package\lib\server\frames.js:1379:23)
    at Frame.textContent (C:\Users\SHRINI~1\AppData\Local\Temp\playwright-java-13845956640650599458\package\lib\server\frames.js:1055:17)
    at FrameDispatcher.textContent (C:\Users\SHRINI~1\AppData\Local\Temp\playwright-java-13845956640650599458\package\lib\server\dispatchers\frameDispatcher.js:138:37)
    at FrameDispatcher._handleCommand (C:\Users\SHRINI~1\AppData\Local\Temp\playwright-java-13845956640650599458\package\lib\server\dispatchers\dispatcher.js:94:40)
    at DispatcherConnection.dispatch (C:\Users\SHRINI~1\AppData\Local\Temp\playwright-java-13845956640650599458\package\lib\server\dispatchers\dispatcher.js:307:39)
}
Call log:
-   - waiting for locator("text='Your permission request is still pending admin approval.'")

at com.microsoft.playwright.impl.Connection.dispatch(Connection.java:254)
at com.microsoft.playwright.impl.Connection.processOneMessage(Connection.java:211)
at com.microsoft.playwright.impl.ChannelOwner.runUntil(ChannelOwner.java:130)
... 27 more
... Removed 11 stack frames]]>
    </failure>
  </testcase> <!-- verifyNonApprovedUserLogin -->
  <testcase classname="login.TC_01_023" name="verifyLoggedInUserRedirectedFromLoginPage" time="32.238">
    <skipped/>
  </testcase> <!-- verifyLoggedInUserRedirectedFromLoginPage -->
  <testcase classname="login.TC_01_024" name="verifyBrowserBackButtonAfterLogin" time="31.54">
    <skipped/>
  </testcase> <!-- verifyBrowserBackButtonAfterLogin -->
  <testcase classname="login.TC_01_023" name="verifyLoggedInUserRedirectedFromLoginPage" time="31.772">
    <failure type="java.lang.AssertionError" message="Logged-in user was not redirected to Projects page expected [true] but found [false]">
      <![CDATA[java.lang.AssertionError: Logged-in user was not redirected to Projects page expected [true] but found [false]
at login.TC_01_023.verifyLoggedInUserRedirectedFromLoginPage(TC_01_023.java:60)
at java.base/java.util.concurrent.Executors$RunnableAdapter.call(Executors.java:572)
at java.base/java.util.concurrent.FutureTask.run(FutureTask.java:317)
at java.base/java.util.concurrent.ThreadPoolExecutor.runWorker(ThreadPoolExecutor.java:1144)
at java.base/java.util.concurrent.ThreadPoolExecutor$Worker.run(ThreadPoolExecutor.java:642)
at java.base/java.lang.Thread.run(Thread.java:1583)
... Removed 14 stack frames]]>
    </failure>
  </testcase> <!-- verifyLoggedInUserRedirectedFromLoginPage -->
  <testcase classname="login.TC_01_024" name="verifyBrowserBackButtonAfterLogin" time="31.477">
    <failure type="java.lang.AssertionError" message="Login page is accessible using browser back button after login expected [true] but found [false]">
      <![CDATA[java.lang.AssertionError: Login page is accessible using browser back button after login expected [true] but found [false]
at login.TC_01_024.verifyBrowserBackButtonAfterLogin(TC_01_024.java:49)
at java.base/java.util.concurrent.Executors$RunnableAdapter.call(Executors.java:572)
at java.base/java.util.concurrent.FutureTask.run(FutureTask.java:317)
at java.base/java.util.concurrent.ThreadPoolExecutor.runWorker(ThreadPoolExecutor.java:1144)
at java.base/java.util.concurrent.ThreadPoolExecutor$Worker.run(ThreadPoolExecutor.java:642)
at java.base/java.lang.Thread.run(Thread.java:1583)
... Removed 14 stack frames]]>
    </failure>
  </testcase> <!-- verifyBrowserBackButtonAfterLogin -->
  <testcase classname="BaseClass.BaseTest" name="@AfterSuite flushReport" time="0.0">
    <ignored/>
  </testcase> <!-- @AfterSuite flushReport -->
  <testcase classname="BaseClass.BaseTest" name="@BeforeSuite startReport" time="0.0">
    <ignored/>
  </testcase> <!-- @BeforeSuite startReport -->
  <testcase classname="BaseClass.BaseTest" name="@BeforeSuite startReport" time="0.0">
    <ignored/>
  </testcase> <!-- @BeforeSuite startReport -->
  <testcase classname="BaseClass.BaseTest" name="@BeforeSuite startReport" time="0.0">
    <ignored/>
  </testcase> <!-- @BeforeSuite startReport -->
  <testcase classname="BaseClass.BaseTest" name="@BeforeSuite startReport" time="0.0">
    <ignored/>
  </testcase> <!-- @BeforeSuite startReport -->
  <testcase classname="BaseClass.BaseTest" name="@BeforeSuite startReport" time="0.0">
    <ignored/>
  </testcase> <!-- @BeforeSuite startReport -->
  <testcase classname="BaseClass.BaseTest" name="@BeforeSuite startReport" time="0.0">
    <ignored/>
  </testcase> <!-- @BeforeSuite startReport -->
  <testcase classname="BaseClass.BaseTest" name="@BeforeSuite startReport" time="0.0">
    <ignored/>
  </testcase> <!-- @BeforeSuite startReport -->
  <testcase classname="BaseClass.BaseTest" name="@AfterSuite flushReport" time="0.0">
    <ignored/>
  </testcase> <!-- @AfterSuite flushReport -->
  <testcase classname="BaseClass.BaseTest" name="@BeforeSuite startReport" time="0.0">
    <ignored/>
  </testcase> <!-- @BeforeSuite startReport -->
  <testcase classname="BaseClass.BaseTest" name="@AfterSuite flushReport" time="0.0">
    <ignored/>
  </testcase> <!-- @AfterSuite flushReport -->
  <testcase classname="BaseClass.BaseTest" name="@BeforeSuite startReport" time="0.0">
    <ignored/>
  </testcase> <!-- @BeforeSuite startReport -->
  <testcase classname="BaseClass.BaseTest" name="@BeforeSuite startReport" time="0.0">
    <ignored/>
  </testcase> <!-- @BeforeSuite startReport -->
  <testcase classname="BaseClass.BaseTest" name="@AfterSuite flushReport" time="0.0">
    <ignored/>
  </testcase> <!-- @AfterSuite flushReport -->
  <testcase classname="BaseClass.BaseTest" name="@AfterSuite flushReport" time="0.0">
    <ignored/>
  </testcase> <!-- @AfterSuite flushReport -->
  <testcase classname="BaseClass.BaseTest" name="@BeforeSuite startReport" time="0.0">
    <ignored/>
  </testcase> <!-- @BeforeSuite startReport -->
  <testcase classname="BaseClass.BaseTest" name="@AfterSuite flushReport" time="0.0">
    <ignored/>
  </testcase> <!-- @AfterSuite flushReport -->
  <testcase classname="BaseClass.BaseTest" name="@AfterSuite flushReport" time="0.0">
    <ignored/>
  </testcase> <!-- @AfterSuite flushReport -->
  <testcase classname="BaseClass.BaseTest" name="@AfterSuite flushReport" time="0.0">
    <ignored/>
  </testcase> <!-- @AfterSuite flushReport -->
  <testcase classname="BaseClass.BaseTest" name="@BeforeSuite startReport" time="0.0">
    <ignored/>
  </testcase> <!-- @BeforeSuite startReport -->
  <testcase classname="BaseClass.BaseTest" name="@BeforeSuite startReport" time="0.0">
    <ignored/>
  </testcase> <!-- @BeforeSuite startReport -->
  <testcase classname="BaseClass.BaseTest" name="@AfterSuite flushReport" time="0.0">
    <ignored/>
  </testcase> <!-- @AfterSuite flushReport -->
  <testcase classname="BaseClass.BaseTest" name="@AfterSuite flushReport" time="0.0">
    <ignored/>
  </testcase> <!-- @AfterSuite flushReport -->
  <testcase classname="BaseClass.BaseTest" name="@BeforeSuite startReport" time="0.0">
    <ignored/>
  </testcase> <!-- @BeforeSuite startReport -->
  <testcase classname="BaseClass.BaseTest" name="@AfterSuite flushReport" time="0.0">
    <ignored/>
  </testcase> <!-- @AfterSuite flushReport -->
  <testcase classname="BaseClass.BaseTest" name="@BeforeSuite startReport" time="0.0">
    <ignored/>
  </testcase> <!-- @BeforeSuite startReport -->
  <testcase classname="BaseClass.BaseTest" name="@AfterSuite flushReport" time="0.0">
    <ignored/>
  </testcase> <!-- @AfterSuite flushReport -->
  <testcase classname="BaseClass.BaseTest" name="@BeforeSuite startReport" time="0.0">
    <ignored/>
  </testcase> <!-- @BeforeSuite startReport -->
  <testcase classname="BaseClass.BaseTest" name="@AfterSuite flushReport" time="0.0">
    <ignored/>
  </testcase> <!-- @AfterSuite flushReport -->
  <testcase classname="BaseClass.BaseTest" name="@BeforeSuite startReport" time="0.0">
    <ignored/>
  </testcase> <!-- @BeforeSuite startReport -->
  <testcase classname="BaseClass.BaseTest" name="@AfterSuite flushReport" time="0.0">
    <ignored/>
  </testcase> <!-- @AfterSuite flushReport -->
  <testcase classname="BaseClass.BaseTest" name="@AfterSuite flushReport" time="0.0">
    <ignored/>
  </testcase> <!-- @AfterSuite flushReport -->
  <testcase classname="BaseClass.BaseTest" name="@AfterSuite flushReport" time="0.0">
    <ignored/>
  </testcase> <!-- @AfterSuite flushReport -->
  <testcase classname="BaseClass.BaseTest" name="@BeforeSuite startReport" time="0.0">
    <ignored/>
  </testcase> <!-- @BeforeSuite startReport -->
  <testcase classname="BaseClass.BaseTest" name="@AfterSuite flushReport" time="0.0">
    <ignored/>
  </testcase> <!-- @AfterSuite flushReport -->
  <testcase classname="BaseClass.BaseTest" name="@BeforeSuite startReport" time="0.0">
    <ignored/>
  </testcase> <!-- @BeforeSuite startReport -->
  <testcase classname="BaseClass.BaseTest" name="@AfterSuite flushReport" time="0.0">
    <ignored/>
  </testcase> <!-- @AfterSuite flushReport -->
  <testcase classname="BaseClass.BaseTest" name="@AfterSuite flushReport" time="0.0">
    <ignored/>
  </testcase> <!-- @AfterSuite flushReport -->
  <testcase classname="BaseClass.BaseTest" name="@BeforeSuite startReport" time="0.0">
    <ignored/>
  </testcase> <!-- @BeforeSuite startReport -->
  <testcase classname="BaseClass.BaseTest" name="@AfterSuite flushReport" time="0.0">
    <ignored/>
  </testcase> <!-- @AfterSuite flushReport -->
  <testcase classname="BaseClass.BaseTest" name="@BeforeSuite startReport" time="0.0">
    <ignored/>
  </testcase> <!-- @BeforeSuite startReport -->
  <testcase classname="BaseClass.BaseTest" name="@AfterSuite flushReport" time="0.0">
    <ignored/>
  </testcase> <!-- @AfterSuite flushReport -->
  <testcase classname="BaseClass.BaseTest" name="@AfterSuite flushReport" time="0.0">
    <ignored/>
  </testcase> <!-- @AfterSuite flushReport -->
  <testcase classname="BaseClass.BaseTest" name="@BeforeSuite startReport" time="0.0">
    <ignored/>
  </testcase> <!-- @BeforeSuite startReport -->
</testsuite> <!-- Login Tests -->
